8/2/2013 6:30:54 PM
INFO  2013-08-02 13:29:46,499 - Installing bundle...
INFO  2013-08-02 13:29:46,545 - Performing pre-install.
INFO  2013-08-02 13:29:46,545 - Installing context item: SalesLogix Activity Support (\Entity Model\SalesLogix Activity Support\SalesLogix Activity Support.T.package.xml)
INFO  2013-08-02 13:29:46,608 - Successfully installed SalesLogix Activity Support (\Entity Model\SalesLogix Activity Support\SalesLogix Activity Support.T.package.xml)
INFO  2013-08-02 13:29:46,608 - Installing model item: CalendarFavoriteUsersView (\Entity Model\SalesLogix Activity Support\CalendarFavoriteUsersView\CalendarFavoriteUsersView.CALENDARFAVORITEUSERSVIEW.entity.xml)
INFO  2013-08-02 13:29:48,308 - Successfully installed CalendarFavoriteUsersView (\Entity Model\SalesLogix Activity Support\CalendarFavoriteUsersView\CalendarFavoriteUsersView.CALENDARFAVORITEUSERSVIEW.entity.xml)
INFO  2013-08-02 13:29:48,308 - Installing model item: OnAfterDelete (\Entity Model\SalesLogix Activity Support\CalendarFavoriteUsersView\OnAfterDelete.method.xml)
INFO  2013-08-02 13:29:48,324 - Successfully installed OnAfterDelete (\Entity Model\SalesLogix Activity Support\CalendarFavoriteUsersView\OnAfterDelete.method.xml)
INFO  2013-08-02 13:29:48,324 - Installing item: OnAfterDelete (\Entity Model\SalesLogix Activity Support\CalendarFavoriteUsersView\OnAfterDelete.method.xml::Primary Steps::OnAfterDelete)
INFO  2013-08-02 13:29:48,324 - Successfully installed OnAfterDelete (\Entity Model\SalesLogix Activity Support\CalendarFavoriteUsersView\OnAfterDelete.method.xml::Primary Steps::OnAfterDelete)
INFO  2013-08-02 13:29:48,340 - Installing model item: OnAfterInsert (\Entity Model\SalesLogix Activity Support\CalendarFavoriteUsersView\OnAfterInsert.method.xml)
INFO  2013-08-02 13:29:48,340 - Successfully installed OnAfterInsert (\Entity Model\SalesLogix Activity Support\CalendarFavoriteUsersView\OnAfterInsert.method.xml)
INFO  2013-08-02 13:29:48,355 - Installing item: OnAfterInsert (\Entity Model\SalesLogix Activity Support\CalendarFavoriteUsersView\OnAfterInsert.method.xml::Primary Steps::OnAfterInsert)
INFO  2013-08-02 13:29:48,355 - Successfully installed OnAfterInsert (\Entity Model\SalesLogix Activity Support\CalendarFavoriteUsersView\OnAfterInsert.method.xml::Primary Steps::OnAfterInsert)
INFO  2013-08-02 13:29:48,355 - Installing model item: OnAfterUpdate (\Entity Model\SalesLogix Activity Support\CalendarFavoriteUsersView\OnAfterUpdate.method.xml)
INFO  2013-08-02 13:29:48,371 - Successfully installed OnAfterUpdate (\Entity Model\SalesLogix Activity Support\CalendarFavoriteUsersView\OnAfterUpdate.method.xml)
INFO  2013-08-02 13:29:48,402 - Installing item: OnAfterUpdate (\Entity Model\SalesLogix Activity Support\CalendarFavoriteUsersView\OnAfterUpdate.method.xml::Primary Steps::OnAfterUpdate)
INFO  2013-08-02 13:29:48,402 - Successfully installed OnAfterUpdate (\Entity Model\SalesLogix Activity Support\CalendarFavoriteUsersView\OnAfterUpdate.method.xml::Primary Steps::OnAfterUpdate)
INFO  2013-08-02 13:29:48,418 - Installing model item: OnBeforeDelete (\Entity Model\SalesLogix Activity Support\CalendarFavoriteUsersView\OnBeforeDelete.method.xml)
INFO  2013-08-02 13:29:48,418 - Successfully installed OnBeforeDelete (\Entity Model\SalesLogix Activity Support\CalendarFavoriteUsersView\OnBeforeDelete.method.xml)
INFO  2013-08-02 13:29:48,433 - Installing item: OnBeforeDelete (\Entity Model\SalesLogix Activity Support\CalendarFavoriteUsersView\OnBeforeDelete.method.xml::Primary Steps::OnBeforeDelete)
INFO  2013-08-02 13:29:48,433 - Successfully installed OnBeforeDelete (\Entity Model\SalesLogix Activity Support\CalendarFavoriteUsersView\OnBeforeDelete.method.xml::Primary Steps::OnBeforeDelete)
INFO  2013-08-02 13:29:48,449 - Installing model item: OnBeforeInsert (\Entity Model\SalesLogix Activity Support\CalendarFavoriteUsersView\OnBeforeInsert.method.xml)
INFO  2013-08-02 13:29:48,464 - Successfully installed OnBeforeInsert (\Entity Model\SalesLogix Activity Support\CalendarFavoriteUsersView\OnBeforeInsert.method.xml)
INFO  2013-08-02 13:29:48,464 - Installing item: OnBeforeInsert (\Entity Model\SalesLogix Activity Support\CalendarFavoriteUsersView\OnBeforeInsert.method.xml::Primary Steps::OnBeforeInsert)
INFO  2013-08-02 13:29:48,480 - Successfully installed OnBeforeInsert (\Entity Model\SalesLogix Activity Support\CalendarFavoriteUsersView\OnBeforeInsert.method.xml::Primary Steps::OnBeforeInsert)
INFO  2013-08-02 13:29:48,480 - Installing model item: OnBeforeUpdate (\Entity Model\SalesLogix Activity Support\CalendarFavoriteUsersView\OnBeforeUpdate.method.xml)
INFO  2013-08-02 13:29:48,496 - Successfully installed OnBeforeUpdate (\Entity Model\SalesLogix Activity Support\CalendarFavoriteUsersView\OnBeforeUpdate.method.xml)
INFO  2013-08-02 13:29:48,511 - Installing item: OnBeforeUpdate (\Entity Model\SalesLogix Activity Support\CalendarFavoriteUsersView\OnBeforeUpdate.method.xml::Primary Steps::OnBeforeUpdate)
INFO  2013-08-02 13:29:48,511 - Successfully installed OnBeforeUpdate (\Entity Model\SalesLogix Activity Support\CalendarFavoriteUsersView\OnBeforeUpdate.method.xml::Primary Steps::OnBeforeUpdate)
INFO  2013-08-02 13:29:48,527 - Installing model item: OnCreate (\Entity Model\SalesLogix Activity Support\CalendarFavoriteUsersView\OnCreate.method.xml)
INFO  2013-08-02 13:29:48,542 - Successfully installed OnCreate (\Entity Model\SalesLogix Activity Support\CalendarFavoriteUsersView\OnCreate.method.xml)
INFO  2013-08-02 13:29:48,542 - Installing item: OnCreate (\Entity Model\SalesLogix Activity Support\CalendarFavoriteUsersView\OnCreate.method.xml::Primary Steps::OnCreate)
INFO  2013-08-02 13:29:48,558 - Successfully installed OnCreate (\Entity Model\SalesLogix Activity Support\CalendarFavoriteUsersView\OnCreate.method.xml::Primary Steps::OnCreate)
INFO  2013-08-02 13:29:48,558 - Installing model item: UserCalendarFavorite (\Entity Model\SalesLogix Activity Support\UserCalendarFavorite\UserCalendarFavorite.USERCALENDARFAVORITE.entity.xml)
INFO  2013-08-02 13:29:48,605 - Successfully installed UserCalendarFavorite (\Entity Model\SalesLogix Activity Support\UserCalendarFavorite\UserCalendarFavorite.USERCALENDARFAVORITE.entity.xml)
INFO  2013-08-02 13:29:48,652 - Installing model item: OnAfterDelete (\Entity Model\SalesLogix Activity Support\UserCalendarFavorite\OnAfterDelete.method.xml)
INFO  2013-08-02 13:29:48,683 - Successfully installed OnAfterDelete (\Entity Model\SalesLogix Activity Support\UserCalendarFavorite\OnAfterDelete.method.xml)
INFO  2013-08-02 13:29:48,698 - Installing item: OnAfterDelete (\Entity Model\SalesLogix Activity Support\UserCalendarFavorite\OnAfterDelete.method.xml::Primary Steps::OnAfterDelete)
INFO  2013-08-02 13:29:48,714 - Successfully installed OnAfterDelete (\Entity Model\SalesLogix Activity Support\UserCalendarFavorite\OnAfterDelete.method.xml::Primary Steps::OnAfterDelete)
INFO  2013-08-02 13:29:48,730 - Installing model item: OnAfterInsert (\Entity Model\SalesLogix Activity Support\UserCalendarFavorite\OnAfterInsert.method.xml)
INFO  2013-08-02 13:29:48,745 - Successfully installed OnAfterInsert (\Entity Model\SalesLogix Activity Support\UserCalendarFavorite\OnAfterInsert.method.xml)
INFO  2013-08-02 13:29:48,761 - Installing item: OnAfterInsert (\Entity Model\SalesLogix Activity Support\UserCalendarFavorite\OnAfterInsert.method.xml::Primary Steps::OnAfterInsert)
INFO  2013-08-02 13:29:48,761 - Successfully installed OnAfterInsert (\Entity Model\SalesLogix Activity Support\UserCalendarFavorite\OnAfterInsert.method.xml::Primary Steps::OnAfterInsert)
INFO  2013-08-02 13:29:48,776 - Installing model item: OnAfterUpdate (\Entity Model\SalesLogix Activity Support\UserCalendarFavorite\OnAfterUpdate.method.xml)
INFO  2013-08-02 13:29:48,792 - Successfully installed OnAfterUpdate (\Entity Model\SalesLogix Activity Support\UserCalendarFavorite\OnAfterUpdate.method.xml)
INFO  2013-08-02 13:29:48,808 - Installing item: OnAfterUpdate (\Entity Model\SalesLogix Activity Support\UserCalendarFavorite\OnAfterUpdate.method.xml::Primary Steps::OnAfterUpdate)
INFO  2013-08-02 13:29:48,823 - Successfully installed OnAfterUpdate (\Entity Model\SalesLogix Activity Support\UserCalendarFavorite\OnAfterUpdate.method.xml::Primary Steps::OnAfterUpdate)
INFO  2013-08-02 13:29:48,823 - Installing model item: OnBeforeDelete (\Entity Model\SalesLogix Activity Support\UserCalendarFavorite\OnBeforeDelete.method.xml)
INFO  2013-08-02 13:29:48,854 - Successfully installed OnBeforeDelete (\Entity Model\SalesLogix Activity Support\UserCalendarFavorite\OnBeforeDelete.method.xml)
INFO  2013-08-02 13:29:48,854 - Installing item: OnBeforeDelete (\Entity Model\SalesLogix Activity Support\UserCalendarFavorite\OnBeforeDelete.method.xml::Primary Steps::OnBeforeDelete)
INFO  2013-08-02 13:29:48,870 - Successfully installed OnBeforeDelete (\Entity Model\SalesLogix Activity Support\UserCalendarFavorite\OnBeforeDelete.method.xml::Primary Steps::OnBeforeDelete)
INFO  2013-08-02 13:29:48,886 - Installing model item: OnBeforeInsert (\Entity Model\SalesLogix Activity Support\UserCalendarFavorite\OnBeforeInsert.method.xml)
INFO  2013-08-02 13:29:48,917 - Successfully installed OnBeforeInsert (\Entity Model\SalesLogix Activity Support\UserCalendarFavorite\OnBeforeInsert.method.xml)
INFO  2013-08-02 13:29:48,917 - Installing item: OnBeforeInsert (\Entity Model\SalesLogix Activity Support\UserCalendarFavorite\OnBeforeInsert.method.xml::Primary Steps::OnBeforeInsert)
INFO  2013-08-02 13:29:48,932 - Successfully installed OnBeforeInsert (\Entity Model\SalesLogix Activity Support\UserCalendarFavorite\OnBeforeInsert.method.xml::Primary Steps::OnBeforeInsert)
INFO  2013-08-02 13:29:48,948 - Installing model item: OnBeforeUpdate (\Entity Model\SalesLogix Activity Support\UserCalendarFavorite\OnBeforeUpdate.method.xml)
INFO  2013-08-02 13:29:48,964 - Successfully installed OnBeforeUpdate (\Entity Model\SalesLogix Activity Support\UserCalendarFavorite\OnBeforeUpdate.method.xml)
INFO  2013-08-02 13:29:48,979 - Installing item: OnBeforeUpdate (\Entity Model\SalesLogix Activity Support\UserCalendarFavorite\OnBeforeUpdate.method.xml::Primary Steps::OnBeforeUpdate)
INFO  2013-08-02 13:29:48,979 - Successfully installed OnBeforeUpdate (\Entity Model\SalesLogix Activity Support\UserCalendarFavorite\OnBeforeUpdate.method.xml::Primary Steps::OnBeforeUpdate)
INFO  2013-08-02 13:29:48,995 - Installing model item: OnCreate (\Entity Model\SalesLogix Activity Support\UserCalendarFavorite\OnCreate.method.xml)
INFO  2013-08-02 13:29:49,010 - Successfully installed OnCreate (\Entity Model\SalesLogix Activity Support\UserCalendarFavorite\OnCreate.method.xml)
INFO  2013-08-02 13:29:49,026 - Installing item: OnCreate (\Entity Model\SalesLogix Activity Support\UserCalendarFavorite\OnCreate.method.xml::Primary Steps::OnCreate)
INFO  2013-08-02 13:29:49,026 - Successfully installed OnCreate (\Entity Model\SalesLogix Activity Support\UserCalendarFavorite\OnCreate.method.xml::Primary Steps::OnCreate)
INFO  2013-08-02 13:29:49,042 - Installing model item: UpdateUserCalendarFavorites (\Entity Model\SalesLogix Activity Support\UserCalendarFavorite\UpdateUserCalendarFavorites.method.xml)
INFO  2013-08-02 13:29:49,057 - Successfully installed UpdateUserCalendarFavorites (\Entity Model\SalesLogix Activity Support\UserCalendarFavorite\UpdateUserCalendarFavorites.method.xml)
INFO  2013-08-02 13:29:49,073 - Installing item: updateCalendarFavoriteUsers (\Entity Model\SalesLogix Activity Support\UserCalendarFavorite\UpdateUserCalendarFavorites.method.xml::Primary Steps::updateCalendarFavoriteUsers)
INFO  2013-08-02 13:29:49,088 - Successfully installed updateCalendarFavoriteUsers (\Entity Model\SalesLogix Activity Support\UserCalendarFavorite\UpdateUserCalendarFavorites.method.xml::Primary Steps::updateCalendarFavoriteUsers)
INFO  2013-08-02 13:29:49,104 - Installing model item: Default-Hibernate-Xml (\Entity Model\CodeTemplates\Entity\Default-hibernate-xml.configuration.codetemplate.xml)
INFO  2013-08-02 13:29:49,135 - Successfully installed Default-Hibernate-Xml (\Entity Model\CodeTemplates\Entity\Default-hibernate-xml.configuration.codetemplate.xml)
INFO  2013-08-02 13:29:49,151 - Installing context item: Process Host Portal (\Portal\ProcessHost\ProcessHost.cabsvc.ptl.xml)
INFO  2013-08-02 13:29:50,789 - Successfully installed Process Host Portal (\Portal\ProcessHost\ProcessHost.cabsvc.ptl.xml)
INFO  2013-08-02 13:29:50,804 - Installing context item: SData Integration Host (\Portal\sdata\sdata.cabsvc.ptl.xml)
INFO  2013-08-02 13:29:52,567 - Successfully installed SData Integration Host (\Portal\sdata\sdata.cabsvc.ptl.xml)
INFO  2013-08-02 13:29:52,583 - Installing context item: Sage SalesLogix (\Portal\SlxClient\SlxClient.cabapp.ptl.xml)
INFO  2013-08-02 13:29:57,638 - Successfully installed Sage SalesLogix (\Portal\SlxClient\SlxClient.cabapp.ptl.xml)
INFO  2013-08-02 13:29:57,653 - Installing context item: Sage SalesLogix Customer Portal (\Portal\SLXCustomerPortal\SLXCustomerPortal.cabapp.ptl.xml)
INFO  2013-08-02 13:30:02,162 - Successfully installed Sage SalesLogix Customer Portal (\Portal\SLXCustomerPortal\SLXCustomerPortal.cabapp.ptl.xml)
INFO  2013-08-02 13:30:02,162 - Installing context item: Intellisync For SalesLogix (\Portal\SlxIntellisync\SlxIntellisync.cabsvc.ptl.xml)
INFO  2013-08-02 13:30:03,878 - Successfully installed Intellisync For SalesLogix (\Portal\SlxIntellisync\SlxIntellisync.cabsvc.ptl.xml)
INFO  2013-08-02 13:30:03,893 - Installing context item: Sage SalesLogix Job Service (\Portal\SlxJobService\SlxJobService.cabsch.ptl.xml)
INFO  2013-08-02 13:30:05,282 - Successfully installed Sage SalesLogix Job Service (\Portal\SlxJobService\SlxJobService.cabsch.ptl.xml)
INFO  2013-08-02 13:30:05,297 - Installing context item: SalesLogix Activity Support (\Entity Model\SalesLogix Activity Support\SalesLogix Activity Support.T.package.xml)
INFO  2013-08-02 13:30:05,297 - Successfully installed SalesLogix Activity Support (\Entity Model\SalesLogix Activity Support\SalesLogix Activity Support.T.package.xml)
INFO  2013-08-02 13:30:05,313 - Installing model item: CalendarFavoriteUsersView (\Entity Model\SalesLogix Activity Support\CalendarFavoriteUsersView\CalendarFavoriteUsersView.CALENDARFAVORITEUSERSVIEW.entity.xml)
INFO  2013-08-02 13:30:15,766 - Successfully installed CalendarFavoriteUsersView (\Entity Model\SalesLogix Activity Support\CalendarFavoriteUsersView\CalendarFavoriteUsersView.CALENDARFAVORITEUSERSVIEW.entity.xml)
INFO  2013-08-02 13:30:15,781 - Installing model item: OnAfterDelete (\Entity Model\SalesLogix Activity Support\CalendarFavoriteUsersView\OnAfterDelete.method.xml)
INFO  2013-08-02 13:30:15,797 - Successfully installed OnAfterDelete (\Entity Model\SalesLogix Activity Support\CalendarFavoriteUsersView\OnAfterDelete.method.xml)
INFO  2013-08-02 13:30:15,797 - Installing item: OnAfterDelete (\Entity Model\SalesLogix Activity Support\CalendarFavoriteUsersView\OnAfterDelete.method.xml::Primary Steps::OnAfterDelete)
INFO  2013-08-02 13:30:15,828 - Successfully installed OnAfterDelete (\Entity Model\SalesLogix Activity Support\CalendarFavoriteUsersView\OnAfterDelete.method.xml::Primary Steps::OnAfterDelete)
INFO  2013-08-02 13:30:15,844 - Installing model item: OnAfterInsert (\Entity Model\SalesLogix Activity Support\CalendarFavoriteUsersView\OnAfterInsert.method.xml)
INFO  2013-08-02 13:30:15,844 - Successfully installed OnAfterInsert (\Entity Model\SalesLogix Activity Support\CalendarFavoriteUsersView\OnAfterInsert.method.xml)
INFO  2013-08-02 13:30:15,859 - Installing item: OnAfterInsert (\Entity Model\SalesLogix Activity Support\CalendarFavoriteUsersView\OnAfterInsert.method.xml::Primary Steps::OnAfterInsert)
INFO  2013-08-02 13:30:15,875 - Successfully installed OnAfterInsert (\Entity Model\SalesLogix Activity Support\CalendarFavoriteUsersView\OnAfterInsert.method.xml::Primary Steps::OnAfterInsert)
INFO  2013-08-02 13:30:15,890 - Installing model item: OnAfterUpdate (\Entity Model\SalesLogix Activity Support\CalendarFavoriteUsersView\OnAfterUpdate.method.xml)
INFO  2013-08-02 13:30:15,890 - Successfully installed OnAfterUpdate (\Entity Model\SalesLogix Activity Support\CalendarFavoriteUsersView\OnAfterUpdate.method.xml)
INFO  2013-08-02 13:30:15,906 - Installing item: OnAfterUpdate (\Entity Model\SalesLogix Activity Support\CalendarFavoriteUsersView\OnAfterUpdate.method.xml::Primary Steps::OnAfterUpdate)
INFO  2013-08-02 13:30:15,922 - Successfully installed OnAfterUpdate (\Entity Model\SalesLogix Activity Support\CalendarFavoriteUsersView\OnAfterUpdate.method.xml::Primary Steps::OnAfterUpdate)
INFO  2013-08-02 13:30:15,922 - Installing model item: OnBeforeDelete (\Entity Model\SalesLogix Activity Support\CalendarFavoriteUsersView\OnBeforeDelete.method.xml)
INFO  2013-08-02 13:30:15,937 - Successfully installed OnBeforeDelete (\Entity Model\SalesLogix Activity Support\CalendarFavoriteUsersView\OnBeforeDelete.method.xml)
INFO  2013-08-02 13:30:15,953 - Installing item: OnBeforeDelete (\Entity Model\SalesLogix Activity Support\CalendarFavoriteUsersView\OnBeforeDelete.method.xml::Primary Steps::OnBeforeDelete)
INFO  2013-08-02 13:30:15,968 - Successfully installed OnBeforeDelete (\Entity Model\SalesLogix Activity Support\CalendarFavoriteUsersView\OnBeforeDelete.method.xml::Primary Steps::OnBeforeDelete)
INFO  2013-08-02 13:30:15,968 - Installing model item: OnBeforeInsert (\Entity Model\SalesLogix Activity Support\CalendarFavoriteUsersView\OnBeforeInsert.method.xml)
INFO  2013-08-02 13:30:15,984 - Successfully installed OnBeforeInsert (\Entity Model\SalesLogix Activity Support\CalendarFavoriteUsersView\OnBeforeInsert.method.xml)
INFO  2013-08-02 13:30:15,984 - Installing item: OnBeforeInsert (\Entity Model\SalesLogix Activity Support\CalendarFavoriteUsersView\OnBeforeInsert.method.xml::Primary Steps::OnBeforeInsert)
INFO  2013-08-02 13:30:16,000 - Successfully installed OnBeforeInsert (\Entity Model\SalesLogix Activity Support\CalendarFavoriteUsersView\OnBeforeInsert.method.xml::Primary Steps::OnBeforeInsert)
INFO  2013-08-02 13:30:16,000 - Installing model item: OnBeforeUpdate (\Entity Model\SalesLogix Activity Support\CalendarFavoriteUsersView\OnBeforeUpdate.method.xml)
INFO  2013-08-02 13:30:16,015 - Successfully installed OnBeforeUpdate (\Entity Model\SalesLogix Activity Support\CalendarFavoriteUsersView\OnBeforeUpdate.method.xml)
INFO  2013-08-02 13:30:16,015 - Installing item: OnBeforeUpdate (\Entity Model\SalesLogix Activity Support\CalendarFavoriteUsersView\OnBeforeUpdate.method.xml::Primary Steps::OnBeforeUpdate)
INFO  2013-08-02 13:30:16,031 - Successfully installed OnBeforeUpdate (\Entity Model\SalesLogix Activity Support\CalendarFavoriteUsersView\OnBeforeUpdate.method.xml::Primary Steps::OnBeforeUpdate)
INFO  2013-08-02 13:30:16,031 - Installing model item: OnCreate (\Entity Model\SalesLogix Activity Support\CalendarFavoriteUsersView\OnCreate.method.xml)
INFO  2013-08-02 13:30:16,046 - Successfully installed OnCreate (\Entity Model\SalesLogix Activity Support\CalendarFavoriteUsersView\OnCreate.method.xml)
INFO  2013-08-02 13:30:16,046 - Installing item: OnCreate (\Entity Model\SalesLogix Activity Support\CalendarFavoriteUsersView\OnCreate.method.xml::Primary Steps::OnCreate)
INFO  2013-08-02 13:30:16,062 - Successfully installed OnCreate (\Entity Model\SalesLogix Activity Support\CalendarFavoriteUsersView\OnCreate.method.xml::Primary Steps::OnCreate)
INFO  2013-08-02 13:30:16,062 - Installing model item: UserCalendarFavorite (\Entity Model\SalesLogix Activity Support\UserCalendarFavorite\UserCalendarFavorite.USERCALENDARFAVORITE.entity.xml)
INFO  2013-08-02 13:30:16,764 - Successfully installed UserCalendarFavorite (\Entity Model\SalesLogix Activity Support\UserCalendarFavorite\UserCalendarFavorite.USERCALENDARFAVORITE.entity.xml)
INFO  2013-08-02 13:30:16,780 - Installing model item: OnAfterDelete (\Entity Model\SalesLogix Activity Support\UserCalendarFavorite\OnAfterDelete.method.xml)
INFO  2013-08-02 13:30:16,795 - Successfully installed OnAfterDelete (\Entity Model\SalesLogix Activity Support\UserCalendarFavorite\OnAfterDelete.method.xml)
INFO  2013-08-02 13:30:16,795 - Installing item: OnAfterDelete (\Entity Model\SalesLogix Activity Support\UserCalendarFavorite\OnAfterDelete.method.xml::Primary Steps::OnAfterDelete)
INFO  2013-08-02 13:30:16,811 - Successfully installed OnAfterDelete (\Entity Model\SalesLogix Activity Support\UserCalendarFavorite\OnAfterDelete.method.xml::Primary Steps::OnAfterDelete)
INFO  2013-08-02 13:30:16,826 - Installing model item: OnAfterInsert (\Entity Model\SalesLogix Activity Support\UserCalendarFavorite\OnAfterInsert.method.xml)
INFO  2013-08-02 13:30:16,842 - Successfully installed OnAfterInsert (\Entity Model\SalesLogix Activity Support\UserCalendarFavorite\OnAfterInsert.method.xml)
INFO  2013-08-02 13:30:16,858 - Installing item: OnAfterInsert (\Entity Model\SalesLogix Activity Support\UserCalendarFavorite\OnAfterInsert.method.xml::Primary Steps::OnAfterInsert)
INFO  2013-08-02 13:30:16,873 - Successfully installed OnAfterInsert (\Entity Model\SalesLogix Activity Support\UserCalendarFavorite\OnAfterInsert.method.xml::Primary Steps::OnAfterInsert)
INFO  2013-08-02 13:30:16,889 - Installing model item: OnAfterUpdate (\Entity Model\SalesLogix Activity Support\UserCalendarFavorite\OnAfterUpdate.method.xml)
INFO  2013-08-02 13:30:16,889 - Successfully installed OnAfterUpdate (\Entity Model\SalesLogix Activity Support\UserCalendarFavorite\OnAfterUpdate.method.xml)
INFO  2013-08-02 13:30:16,904 - Installing item: OnAfterUpdate (\Entity Model\SalesLogix Activity Support\UserCalendarFavorite\OnAfterUpdate.method.xml::Primary Steps::OnAfterUpdate)
INFO  2013-08-02 13:30:16,920 - Successfully installed OnAfterUpdate (\Entity Model\SalesLogix Activity Support\UserCalendarFavorite\OnAfterUpdate.method.xml::Primary Steps::OnAfterUpdate)
INFO  2013-08-02 13:30:16,936 - Installing model item: OnBeforeDelete (\Entity Model\SalesLogix Activity Support\UserCalendarFavorite\OnBeforeDelete.method.xml)
INFO  2013-08-02 13:30:16,951 - Successfully installed OnBeforeDelete (\Entity Model\SalesLogix Activity Support\UserCalendarFavorite\OnBeforeDelete.method.xml)
INFO  2013-08-02 13:30:16,967 - Installing item: OnBeforeDelete (\Entity Model\SalesLogix Activity Support\UserCalendarFavorite\OnBeforeDelete.method.xml::Primary Steps::OnBeforeDelete)
INFO  2013-08-02 13:30:16,982 - Successfully installed OnBeforeDelete (\Entity Model\SalesLogix Activity Support\UserCalendarFavorite\OnBeforeDelete.method.xml::Primary Steps::OnBeforeDelete)
INFO  2013-08-02 13:30:16,998 - Installing model item: OnBeforeInsert (\Entity Model\SalesLogix Activity Support\UserCalendarFavorite\OnBeforeInsert.method.xml)
INFO  2013-08-02 13:30:17,014 - Successfully installed OnBeforeInsert (\Entity Model\SalesLogix Activity Support\UserCalendarFavorite\OnBeforeInsert.method.xml)
INFO  2013-08-02 13:30:17,014 - Installing item: OnBeforeInsert (\Entity Model\SalesLogix Activity Support\UserCalendarFavorite\OnBeforeInsert.method.xml::Primary Steps::OnBeforeInsert)
INFO  2013-08-02 13:30:17,029 - Successfully installed OnBeforeInsert (\Entity Model\SalesLogix Activity Support\UserCalendarFavorite\OnBeforeInsert.method.xml::Primary Steps::OnBeforeInsert)
INFO  2013-08-02 13:30:17,045 - Installing model item: OnBeforeUpdate (\Entity Model\SalesLogix Activity Support\UserCalendarFavorite\OnBeforeUpdate.method.xml)
INFO  2013-08-02 13:30:17,060 - Successfully installed OnBeforeUpdate (\Entity Model\SalesLogix Activity Support\UserCalendarFavorite\OnBeforeUpdate.method.xml)
INFO  2013-08-02 13:30:17,076 - Installing item: OnBeforeUpdate (\Entity Model\SalesLogix Activity Support\UserCalendarFavorite\OnBeforeUpdate.method.xml::Primary Steps::OnBeforeUpdate)
INFO  2013-08-02 13:30:17,092 - Successfully installed OnBeforeUpdate (\Entity Model\SalesLogix Activity Support\UserCalendarFavorite\OnBeforeUpdate.method.xml::Primary Steps::OnBeforeUpdate)
INFO  2013-08-02 13:30:17,107 - Installing model item: OnCreate (\Entity Model\SalesLogix Activity Support\UserCalendarFavorite\OnCreate.method.xml)
INFO  2013-08-02 13:30:17,107 - Successfully installed OnCreate (\Entity Model\SalesLogix Activity Support\UserCalendarFavorite\OnCreate.method.xml)
INFO  2013-08-02 13:30:17,123 - Installing item: OnCreate (\Entity Model\SalesLogix Activity Support\UserCalendarFavorite\OnCreate.method.xml::Primary Steps::OnCreate)
INFO  2013-08-02 13:30:17,138 - Successfully installed OnCreate (\Entity Model\SalesLogix Activity Support\UserCalendarFavorite\OnCreate.method.xml::Primary Steps::OnCreate)
INFO  2013-08-02 13:30:17,154 - Installing model item: UpdateUserCalendarFavorites (\Entity Model\SalesLogix Activity Support\UserCalendarFavorite\UpdateUserCalendarFavorites.method.xml)
INFO  2013-08-02 13:30:17,154 - Successfully installed UpdateUserCalendarFavorites (\Entity Model\SalesLogix Activity Support\UserCalendarFavorite\UpdateUserCalendarFavorites.method.xml)
INFO  2013-08-02 13:30:17,185 - Installing item: updateCalendarFavoriteUsers (\Entity Model\SalesLogix Activity Support\UserCalendarFavorite\UpdateUserCalendarFavorites.method.xml::Primary Steps::updateCalendarFavoriteUsers)
INFO  2013-08-02 13:30:17,201 - Successfully installed updateCalendarFavoriteUsers (\Entity Model\SalesLogix Activity Support\UserCalendarFavorite\UpdateUserCalendarFavorites.method.xml::Primary Steps::updateCalendarFavoriteUsers)
INFO  2013-08-02 13:30:17,216 - Installing model item: Default-Hibernate-Xml (\Entity Model\CodeTemplates\Entity\Default-hibernate-xml.configuration.codetemplate.xml)
INFO  2013-08-02 13:30:17,232 - Successfully installed Default-Hibernate-Xml (\Entity Model\CodeTemplates\Entity\Default-hibernate-xml.configuration.codetemplate.xml)
INFO  2013-08-02 13:30:17,232 - Installing context item: Process Host Portal (\Portal\ProcessHost\ProcessHost.cabsvc.ptl.xml)
INFO  2013-08-02 13:30:17,248 - Successfully installed Process Host Portal (\Portal\ProcessHost\ProcessHost.cabsvc.ptl.xml)
INFO  2013-08-02 13:30:17,263 - Installing context item: SData Integration Host (\Portal\sdata\sdata.cabsvc.ptl.xml)
INFO  2013-08-02 13:30:17,279 - Successfully installed SData Integration Host (\Portal\sdata\sdata.cabsvc.ptl.xml)
INFO  2013-08-02 13:30:17,294 - Installing context item: Sage SalesLogix (\Portal\SlxClient\SlxClient.cabapp.ptl.xml)
INFO  2013-08-02 13:30:17,310 - Successfully installed Sage SalesLogix (\Portal\SlxClient\SlxClient.cabapp.ptl.xml)
INFO  2013-08-02 13:30:17,326 - Installing context item: Sage SalesLogix Customer Portal (\Portal\SLXCustomerPortal\SLXCustomerPortal.cabapp.ptl.xml)
INFO  2013-08-02 13:30:17,326 - Successfully installed Sage SalesLogix Customer Portal (\Portal\SLXCustomerPortal\SLXCustomerPortal.cabapp.ptl.xml)
INFO  2013-08-02 13:30:17,341 - Installing context item: Intellisync For SalesLogix (\Portal\SlxIntellisync\SlxIntellisync.cabsvc.ptl.xml)
INFO  2013-08-02 13:30:17,357 - Successfully installed Intellisync For SalesLogix (\Portal\SlxIntellisync\SlxIntellisync.cabsvc.ptl.xml)
INFO  2013-08-02 13:30:17,372 - Installing context item: Sage SalesLogix Job Service (\Portal\SlxJobService\SlxJobService.cabsch.ptl.xml)
INFO  2013-08-02 13:30:17,372 - Successfully installed Sage SalesLogix Job Service (\Portal\SlxJobService\SlxJobService.cabsch.ptl.xml)
INFO  2013-08-02 13:30:17,404 - Configuring installed items.
INFO  2013-08-02 13:30:17,419 - Configuring Process Host Portal...
INFO  2013-08-02 13:30:17,450 - Configuring SData Integration Host...
INFO  2013-08-02 13:30:17,466 - Configuring Sage SalesLogix...
INFO  2013-08-02 13:30:17,482 - Configuring Sage SalesLogix Customer Portal...
INFO  2013-08-02 13:30:17,528 - Configuring Intellisync For SalesLogix...
INFO  2013-08-02 13:30:17,560 - Configuring Sage SalesLogix Job Service...
INFO  2013-08-02 13:30:17,560 - Performing pre-commit to target project.
INFO  2013-08-02 13:30:17,840 - Committing items to target project...
INFO  2013-08-02 13:30:51,351 - Committing transactions...
INFO  2013-08-02 13:30:54,034 - Copying bundle manifest to project.
INFO  2013-08-02 13:30:56,234 - Install complete.
