8/1/2013 8:12:34 PM
INFO  2013-08-01 15:11:13,708 - Installing bundle...
INFO  2013-08-01 15:11:13,833 - Performing pre-install.
INFO  2013-08-01 15:11:13,848 - Installing context item: SalesLogix Activity Support (\Entity Model\SalesLogix Activity Support\SalesLogix Activity Support.T.package.xml)
INFO  2013-08-01 15:11:13,942 - Successfully installed SalesLogix Activity Support (\Entity Model\SalesLogix Activity Support\SalesLogix Activity Support.T.package.xml)
INFO  2013-08-01 15:11:13,942 - Installing model item: CalendarFavoriteUsersView (\Entity Model\SalesLogix Activity Support\CalendarFavoriteUsersView\CalendarFavoriteUsersView.CALENDARFAVORITEUSERSVIEW.entity.xml)
INFO  2013-08-01 15:11:16,765 - Successfully installed CalendarFavoriteUsersView (\Entity Model\SalesLogix Activity Support\CalendarFavoriteUsersView\CalendarFavoriteUsersView.CALENDARFAVORITEUSERSVIEW.entity.xml)
INFO  2013-08-01 15:11:16,765 - Installing model item: OnAfterDelete (\Entity Model\SalesLogix Activity Support\CalendarFavoriteUsersView\OnAfterDelete.method.xml)
INFO  2013-08-01 15:11:16,797 - Successfully installed OnAfterDelete (\Entity Model\SalesLogix Activity Support\CalendarFavoriteUsersView\OnAfterDelete.method.xml)
INFO  2013-08-01 15:11:16,797 - Installing item: OnAfterDelete (\Entity Model\SalesLogix Activity Support\CalendarFavoriteUsersView\OnAfterDelete.method.xml::Primary Steps::OnAfterDelete)
INFO  2013-08-01 15:11:16,812 - Successfully installed OnAfterDelete (\Entity Model\SalesLogix Activity Support\CalendarFavoriteUsersView\OnAfterDelete.method.xml::Primary Steps::OnAfterDelete)
INFO  2013-08-01 15:11:16,812 - Installing model item: OnAfterInsert (\Entity Model\SalesLogix Activity Support\CalendarFavoriteUsersView\OnAfterInsert.method.xml)
INFO  2013-08-01 15:11:16,828 - Successfully installed OnAfterInsert (\Entity Model\SalesLogix Activity Support\CalendarFavoriteUsersView\OnAfterInsert.method.xml)
INFO  2013-08-01 15:11:16,828 - Installing item: OnAfterInsert (\Entity Model\SalesLogix Activity Support\CalendarFavoriteUsersView\OnAfterInsert.method.xml::Primary Steps::OnAfterInsert)
INFO  2013-08-01 15:11:16,843 - Successfully installed OnAfterInsert (\Entity Model\SalesLogix Activity Support\CalendarFavoriteUsersView\OnAfterInsert.method.xml::Primary Steps::OnAfterInsert)
INFO  2013-08-01 15:11:16,843 - Installing model item: OnAfterUpdate (\Entity Model\SalesLogix Activity Support\CalendarFavoriteUsersView\OnAfterUpdate.method.xml)
INFO  2013-08-01 15:11:16,859 - Successfully installed OnAfterUpdate (\Entity Model\SalesLogix Activity Support\CalendarFavoriteUsersView\OnAfterUpdate.method.xml)
INFO  2013-08-01 15:11:16,859 - Installing item: OnAfterUpdate (\Entity Model\SalesLogix Activity Support\CalendarFavoriteUsersView\OnAfterUpdate.method.xml::Primary Steps::OnAfterUpdate)
INFO  2013-08-01 15:11:16,875 - Successfully installed OnAfterUpdate (\Entity Model\SalesLogix Activity Support\CalendarFavoriteUsersView\OnAfterUpdate.method.xml::Primary Steps::OnAfterUpdate)
INFO  2013-08-01 15:11:16,890 - Installing model item: OnBeforeDelete (\Entity Model\SalesLogix Activity Support\CalendarFavoriteUsersView\OnBeforeDelete.method.xml)
INFO  2013-08-01 15:11:16,921 - Successfully installed OnBeforeDelete (\Entity Model\SalesLogix Activity Support\CalendarFavoriteUsersView\OnBeforeDelete.method.xml)
INFO  2013-08-01 15:11:16,937 - Installing item: OnBeforeDelete (\Entity Model\SalesLogix Activity Support\CalendarFavoriteUsersView\OnBeforeDelete.method.xml::Primary Steps::OnBeforeDelete)
INFO  2013-08-01 15:11:16,953 - Successfully installed OnBeforeDelete (\Entity Model\SalesLogix Activity Support\CalendarFavoriteUsersView\OnBeforeDelete.method.xml::Primary Steps::OnBeforeDelete)
INFO  2013-08-01 15:11:16,953 - Installing model item: OnBeforeInsert (\Entity Model\SalesLogix Activity Support\CalendarFavoriteUsersView\OnBeforeInsert.method.xml)
INFO  2013-08-01 15:11:16,984 - Successfully installed OnBeforeInsert (\Entity Model\SalesLogix Activity Support\CalendarFavoriteUsersView\OnBeforeInsert.method.xml)
INFO  2013-08-01 15:11:16,999 - Installing item: OnBeforeInsert (\Entity Model\SalesLogix Activity Support\CalendarFavoriteUsersView\OnBeforeInsert.method.xml::Primary Steps::OnBeforeInsert)
INFO  2013-08-01 15:11:17,015 - Successfully installed OnBeforeInsert (\Entity Model\SalesLogix Activity Support\CalendarFavoriteUsersView\OnBeforeInsert.method.xml::Primary Steps::OnBeforeInsert)
INFO  2013-08-01 15:11:17,015 - Installing model item: OnBeforeUpdate (\Entity Model\SalesLogix Activity Support\CalendarFavoriteUsersView\OnBeforeUpdate.method.xml)
INFO  2013-08-01 15:11:17,031 - Successfully installed OnBeforeUpdate (\Entity Model\SalesLogix Activity Support\CalendarFavoriteUsersView\OnBeforeUpdate.method.xml)
INFO  2013-08-01 15:11:17,046 - Installing item: OnBeforeUpdate (\Entity Model\SalesLogix Activity Support\CalendarFavoriteUsersView\OnBeforeUpdate.method.xml::Primary Steps::OnBeforeUpdate)
INFO  2013-08-01 15:11:17,062 - Successfully installed OnBeforeUpdate (\Entity Model\SalesLogix Activity Support\CalendarFavoriteUsersView\OnBeforeUpdate.method.xml::Primary Steps::OnBeforeUpdate)
INFO  2013-08-01 15:11:17,077 - Installing model item: OnCreate (\Entity Model\SalesLogix Activity Support\CalendarFavoriteUsersView\OnCreate.method.xml)
INFO  2013-08-01 15:11:17,093 - Successfully installed OnCreate (\Entity Model\SalesLogix Activity Support\CalendarFavoriteUsersView\OnCreate.method.xml)
INFO  2013-08-01 15:11:17,093 - Installing item: OnCreate (\Entity Model\SalesLogix Activity Support\CalendarFavoriteUsersView\OnCreate.method.xml::Primary Steps::OnCreate)
INFO  2013-08-01 15:11:17,109 - Successfully installed OnCreate (\Entity Model\SalesLogix Activity Support\CalendarFavoriteUsersView\OnCreate.method.xml::Primary Steps::OnCreate)
INFO  2013-08-01 15:11:17,124 - Installing model item: UserCalendarFavorite (\Entity Model\SalesLogix Activity Support\UserCalendarFavorite\UserCalendarFavorite.USERCALENDARFAVORITE.entity.xml)
INFO  2013-08-01 15:11:17,171 - Successfully installed UserCalendarFavorite (\Entity Model\SalesLogix Activity Support\UserCalendarFavorite\UserCalendarFavorite.USERCALENDARFAVORITE.entity.xml)
INFO  2013-08-01 15:11:17,187 - Installing model item: OnAfterDelete (\Entity Model\SalesLogix Activity Support\UserCalendarFavorite\OnAfterDelete.method.xml)
INFO  2013-08-01 15:11:17,202 - Successfully installed OnAfterDelete (\Entity Model\SalesLogix Activity Support\UserCalendarFavorite\OnAfterDelete.method.xml)
INFO  2013-08-01 15:11:17,218 - Installing item: OnAfterDelete (\Entity Model\SalesLogix Activity Support\UserCalendarFavorite\OnAfterDelete.method.xml::Primary Steps::OnAfterDelete)
INFO  2013-08-01 15:11:17,218 - Successfully installed OnAfterDelete (\Entity Model\SalesLogix Activity Support\UserCalendarFavorite\OnAfterDelete.method.xml::Primary Steps::OnAfterDelete)
INFO  2013-08-01 15:11:17,233 - Installing model item: OnAfterInsert (\Entity Model\SalesLogix Activity Support\UserCalendarFavorite\OnAfterInsert.method.xml)
INFO  2013-08-01 15:11:17,249 - Successfully installed OnAfterInsert (\Entity Model\SalesLogix Activity Support\UserCalendarFavorite\OnAfterInsert.method.xml)
INFO  2013-08-01 15:11:17,265 - Installing item: OnAfterInsert (\Entity Model\SalesLogix Activity Support\UserCalendarFavorite\OnAfterInsert.method.xml::Primary Steps::OnAfterInsert)
INFO  2013-08-01 15:11:17,280 - Successfully installed OnAfterInsert (\Entity Model\SalesLogix Activity Support\UserCalendarFavorite\OnAfterInsert.method.xml::Primary Steps::OnAfterInsert)
INFO  2013-08-01 15:11:17,296 - Installing model item: OnAfterUpdate (\Entity Model\SalesLogix Activity Support\UserCalendarFavorite\OnAfterUpdate.method.xml)
INFO  2013-08-01 15:11:17,311 - Successfully installed OnAfterUpdate (\Entity Model\SalesLogix Activity Support\UserCalendarFavorite\OnAfterUpdate.method.xml)
INFO  2013-08-01 15:11:17,327 - Installing item: OnAfterUpdate (\Entity Model\SalesLogix Activity Support\UserCalendarFavorite\OnAfterUpdate.method.xml::Primary Steps::OnAfterUpdate)
INFO  2013-08-01 15:11:17,343 - Successfully installed OnAfterUpdate (\Entity Model\SalesLogix Activity Support\UserCalendarFavorite\OnAfterUpdate.method.xml::Primary Steps::OnAfterUpdate)
INFO  2013-08-01 15:11:17,358 - Installing model item: OnBeforeDelete (\Entity Model\SalesLogix Activity Support\UserCalendarFavorite\OnBeforeDelete.method.xml)
INFO  2013-08-01 15:11:17,374 - Successfully installed OnBeforeDelete (\Entity Model\SalesLogix Activity Support\UserCalendarFavorite\OnBeforeDelete.method.xml)
INFO  2013-08-01 15:11:17,389 - Installing item: OnBeforeDelete (\Entity Model\SalesLogix Activity Support\UserCalendarFavorite\OnBeforeDelete.method.xml::Primary Steps::OnBeforeDelete)
INFO  2013-08-01 15:11:17,405 - Successfully installed OnBeforeDelete (\Entity Model\SalesLogix Activity Support\UserCalendarFavorite\OnBeforeDelete.method.xml::Primary Steps::OnBeforeDelete)
INFO  2013-08-01 15:11:17,405 - Installing model item: OnBeforeInsert (\Entity Model\SalesLogix Activity Support\UserCalendarFavorite\OnBeforeInsert.method.xml)
INFO  2013-08-01 15:11:17,421 - Successfully installed OnBeforeInsert (\Entity Model\SalesLogix Activity Support\UserCalendarFavorite\OnBeforeInsert.method.xml)
INFO  2013-08-01 15:11:17,436 - Installing item: OnBeforeInsert (\Entity Model\SalesLogix Activity Support\UserCalendarFavorite\OnBeforeInsert.method.xml::Primary Steps::OnBeforeInsert)
INFO  2013-08-01 15:11:17,452 - Successfully installed OnBeforeInsert (\Entity Model\SalesLogix Activity Support\UserCalendarFavorite\OnBeforeInsert.method.xml::Primary Steps::OnBeforeInsert)
INFO  2013-08-01 15:11:17,467 - Installing model item: OnBeforeUpdate (\Entity Model\SalesLogix Activity Support\UserCalendarFavorite\OnBeforeUpdate.method.xml)
INFO  2013-08-01 15:11:17,483 - Successfully installed OnBeforeUpdate (\Entity Model\SalesLogix Activity Support\UserCalendarFavorite\OnBeforeUpdate.method.xml)
INFO  2013-08-01 15:11:17,483 - Installing item: OnBeforeUpdate (\Entity Model\SalesLogix Activity Support\UserCalendarFavorite\OnBeforeUpdate.method.xml::Primary Steps::OnBeforeUpdate)
INFO  2013-08-01 15:11:17,499 - Successfully installed OnBeforeUpdate (\Entity Model\SalesLogix Activity Support\UserCalendarFavorite\OnBeforeUpdate.method.xml::Primary Steps::OnBeforeUpdate)
INFO  2013-08-01 15:11:17,514 - Installing model item: OnCreate (\Entity Model\SalesLogix Activity Support\UserCalendarFavorite\OnCreate.method.xml)
INFO  2013-08-01 15:11:17,545 - Successfully installed OnCreate (\Entity Model\SalesLogix Activity Support\UserCalendarFavorite\OnCreate.method.xml)
INFO  2013-08-01 15:11:17,545 - Installing item: OnCreate (\Entity Model\SalesLogix Activity Support\UserCalendarFavorite\OnCreate.method.xml::Primary Steps::OnCreate)
INFO  2013-08-01 15:11:17,561 - Successfully installed OnCreate (\Entity Model\SalesLogix Activity Support\UserCalendarFavorite\OnCreate.method.xml::Primary Steps::OnCreate)
INFO  2013-08-01 15:11:17,577 - Installing model item: UpdateUserCalendarFavorites (\Entity Model\SalesLogix Activity Support\UserCalendarFavorite\UpdateUserCalendarFavorites.method.xml)
INFO  2013-08-01 15:11:17,592 - Successfully installed UpdateUserCalendarFavorites (\Entity Model\SalesLogix Activity Support\UserCalendarFavorite\UpdateUserCalendarFavorites.method.xml)
INFO  2013-08-01 15:11:17,592 - Installing item: updateCalendarFavoriteUsers (\Entity Model\SalesLogix Activity Support\UserCalendarFavorite\UpdateUserCalendarFavorites.method.xml::Primary Steps::updateCalendarFavoriteUsers)
INFO  2013-08-01 15:11:17,608 - Successfully installed updateCalendarFavoriteUsers (\Entity Model\SalesLogix Activity Support\UserCalendarFavorite\UpdateUserCalendarFavorites.method.xml::Primary Steps::updateCalendarFavoriteUsers)
INFO  2013-08-01 15:11:17,623 - Installing model item: Default-Hibernate-Xml (\Entity Model\CodeTemplates\Entity\Default-hibernate-xml.configuration.codetemplate.xml)
INFO  2013-08-01 15:11:17,639 - Successfully installed Default-Hibernate-Xml (\Entity Model\CodeTemplates\Entity\Default-hibernate-xml.configuration.codetemplate.xml)
INFO  2013-08-01 15:11:17,655 - Installing context item: Process Host Portal (\Portal\ProcessHost\ProcessHost.cabsvc.ptl.xml)
INFO  2013-08-01 15:11:19,293 - Successfully installed Process Host Portal (\Portal\ProcessHost\ProcessHost.cabsvc.ptl.xml)
INFO  2013-08-01 15:11:19,308 - Installing context item: SData Integration Host (\Portal\sdata\sdata.cabsvc.ptl.xml)
INFO  2013-08-01 15:11:21,243 - Successfully installed SData Integration Host (\Portal\sdata\sdata.cabsvc.ptl.xml)
INFO  2013-08-01 15:11:21,258 - Installing context item: Sage SalesLogix (\Portal\SlxClient\SlxClient.cabapp.ptl.xml)
INFO  2013-08-01 15:11:26,344 - Successfully installed Sage SalesLogix (\Portal\SlxClient\SlxClient.cabapp.ptl.xml)
INFO  2013-08-01 15:11:26,360 - Installing context item: Sage SalesLogix Customer Portal (\Portal\SLXCustomerPortal\SLXCustomerPortal.cabapp.ptl.xml)
INFO  2013-08-01 15:11:30,618 - Successfully installed Sage SalesLogix Customer Portal (\Portal\SLXCustomerPortal\SLXCustomerPortal.cabapp.ptl.xml)
INFO  2013-08-01 15:11:30,634 - Installing context item: Intellisync For SalesLogix (\Portal\SlxIntellisync\SlxIntellisync.cabsvc.ptl.xml)
INFO  2013-08-01 15:11:32,506 - Successfully installed Intellisync For SalesLogix (\Portal\SlxIntellisync\SlxIntellisync.cabsvc.ptl.xml)
INFO  2013-08-01 15:11:32,506 - Installing context item: Sage SalesLogix Job Service (\Portal\SlxJobService\SlxJobService.cabsch.ptl.xml)
INFO  2013-08-01 15:11:33,817 - Successfully installed Sage SalesLogix Job Service (\Portal\SlxJobService\SlxJobService.cabsch.ptl.xml)
INFO  2013-08-01 15:11:33,832 - Installing context item: SalesLogix Activity Support (\Entity Model\SalesLogix Activity Support\SalesLogix Activity Support.T.package.xml)
INFO  2013-08-01 15:11:33,848 - Successfully installed SalesLogix Activity Support (\Entity Model\SalesLogix Activity Support\SalesLogix Activity Support.T.package.xml)
INFO  2013-08-01 15:11:33,848 - Installing model item: CalendarFavoriteUsersView (\Entity Model\SalesLogix Activity Support\CalendarFavoriteUsersView\CalendarFavoriteUsersView.CALENDARFAVORITEUSERSVIEW.entity.xml)
INFO  2013-08-01 15:11:51,928 - Successfully installed CalendarFavoriteUsersView (\Entity Model\SalesLogix Activity Support\CalendarFavoriteUsersView\CalendarFavoriteUsersView.CALENDARFAVORITEUSERSVIEW.entity.xml)
INFO  2013-08-01 15:11:51,928 - Installing model item: OnAfterDelete (\Entity Model\SalesLogix Activity Support\CalendarFavoriteUsersView\OnAfterDelete.method.xml)
INFO  2013-08-01 15:11:51,944 - Successfully installed OnAfterDelete (\Entity Model\SalesLogix Activity Support\CalendarFavoriteUsersView\OnAfterDelete.method.xml)
INFO  2013-08-01 15:11:51,960 - Installing item: OnAfterDelete (\Entity Model\SalesLogix Activity Support\CalendarFavoriteUsersView\OnAfterDelete.method.xml::Primary Steps::OnAfterDelete)
INFO  2013-08-01 15:11:51,960 - Successfully installed OnAfterDelete (\Entity Model\SalesLogix Activity Support\CalendarFavoriteUsersView\OnAfterDelete.method.xml::Primary Steps::OnAfterDelete)
INFO  2013-08-01 15:11:51,975 - Installing model item: OnAfterInsert (\Entity Model\SalesLogix Activity Support\CalendarFavoriteUsersView\OnAfterInsert.method.xml)
INFO  2013-08-01 15:11:51,991 - Successfully installed OnAfterInsert (\Entity Model\SalesLogix Activity Support\CalendarFavoriteUsersView\OnAfterInsert.method.xml)
INFO  2013-08-01 15:11:51,991 - Installing item: OnAfterInsert (\Entity Model\SalesLogix Activity Support\CalendarFavoriteUsersView\OnAfterInsert.method.xml::Primary Steps::OnAfterInsert)
INFO  2013-08-01 15:11:52,006 - Successfully installed OnAfterInsert (\Entity Model\SalesLogix Activity Support\CalendarFavoriteUsersView\OnAfterInsert.method.xml::Primary Steps::OnAfterInsert)
INFO  2013-08-01 15:11:52,022 - Installing model item: OnAfterUpdate (\Entity Model\SalesLogix Activity Support\CalendarFavoriteUsersView\OnAfterUpdate.method.xml)
INFO  2013-08-01 15:11:52,038 - Successfully installed OnAfterUpdate (\Entity Model\SalesLogix Activity Support\CalendarFavoriteUsersView\OnAfterUpdate.method.xml)
INFO  2013-08-01 15:11:52,038 - Installing item: OnAfterUpdate (\Entity Model\SalesLogix Activity Support\CalendarFavoriteUsersView\OnAfterUpdate.method.xml::Primary Steps::OnAfterUpdate)
INFO  2013-08-01 15:11:52,069 - Successfully installed OnAfterUpdate (\Entity Model\SalesLogix Activity Support\CalendarFavoriteUsersView\OnAfterUpdate.method.xml::Primary Steps::OnAfterUpdate)
INFO  2013-08-01 15:11:52,084 - Installing model item: OnBeforeDelete (\Entity Model\SalesLogix Activity Support\CalendarFavoriteUsersView\OnBeforeDelete.method.xml)
INFO  2013-08-01 15:11:52,100 - Successfully installed OnBeforeDelete (\Entity Model\SalesLogix Activity Support\CalendarFavoriteUsersView\OnBeforeDelete.method.xml)
INFO  2013-08-01 15:11:52,100 - Installing item: OnBeforeDelete (\Entity Model\SalesLogix Activity Support\CalendarFavoriteUsersView\OnBeforeDelete.method.xml::Primary Steps::OnBeforeDelete)
INFO  2013-08-01 15:11:52,116 - Successfully installed OnBeforeDelete (\Entity Model\SalesLogix Activity Support\CalendarFavoriteUsersView\OnBeforeDelete.method.xml::Primary Steps::OnBeforeDelete)
INFO  2013-08-01 15:11:52,131 - Installing model item: OnBeforeInsert (\Entity Model\SalesLogix Activity Support\CalendarFavoriteUsersView\OnBeforeInsert.method.xml)
INFO  2013-08-01 15:11:52,147 - Successfully installed OnBeforeInsert (\Entity Model\SalesLogix Activity Support\CalendarFavoriteUsersView\OnBeforeInsert.method.xml)
INFO  2013-08-01 15:11:52,147 - Installing item: OnBeforeInsert (\Entity Model\SalesLogix Activity Support\CalendarFavoriteUsersView\OnBeforeInsert.method.xml::Primary Steps::OnBeforeInsert)
INFO  2013-08-01 15:11:52,162 - Successfully installed OnBeforeInsert (\Entity Model\SalesLogix Activity Support\CalendarFavoriteUsersView\OnBeforeInsert.method.xml::Primary Steps::OnBeforeInsert)
INFO  2013-08-01 15:11:52,178 - Installing model item: OnBeforeUpdate (\Entity Model\SalesLogix Activity Support\CalendarFavoriteUsersView\OnBeforeUpdate.method.xml)
INFO  2013-08-01 15:11:52,194 - Successfully installed OnBeforeUpdate (\Entity Model\SalesLogix Activity Support\CalendarFavoriteUsersView\OnBeforeUpdate.method.xml)
INFO  2013-08-01 15:11:52,194 - Installing item: OnBeforeUpdate (\Entity Model\SalesLogix Activity Support\CalendarFavoriteUsersView\OnBeforeUpdate.method.xml::Primary Steps::OnBeforeUpdate)
INFO  2013-08-01 15:11:52,225 - Successfully installed OnBeforeUpdate (\Entity Model\SalesLogix Activity Support\CalendarFavoriteUsersView\OnBeforeUpdate.method.xml::Primary Steps::OnBeforeUpdate)
INFO  2013-08-01 15:11:52,240 - Installing model item: OnCreate (\Entity Model\SalesLogix Activity Support\CalendarFavoriteUsersView\OnCreate.method.xml)
INFO  2013-08-01 15:11:52,256 - Successfully installed OnCreate (\Entity Model\SalesLogix Activity Support\CalendarFavoriteUsersView\OnCreate.method.xml)
INFO  2013-08-01 15:11:52,256 - Installing item: OnCreate (\Entity Model\SalesLogix Activity Support\CalendarFavoriteUsersView\OnCreate.method.xml::Primary Steps::OnCreate)
INFO  2013-08-01 15:11:52,272 - Successfully installed OnCreate (\Entity Model\SalesLogix Activity Support\CalendarFavoriteUsersView\OnCreate.method.xml::Primary Steps::OnCreate)
INFO  2013-08-01 15:11:52,287 - Installing model item: UserCalendarFavorite (\Entity Model\SalesLogix Activity Support\UserCalendarFavorite\UserCalendarFavorite.USERCALENDARFAVORITE.entity.xml)
INFO  2013-08-01 15:11:53,005 - Successfully installed UserCalendarFavorite (\Entity Model\SalesLogix Activity Support\UserCalendarFavorite\UserCalendarFavorite.USERCALENDARFAVORITE.entity.xml)
INFO  2013-08-01 15:11:53,021 - Installing model item: OnAfterDelete (\Entity Model\SalesLogix Activity Support\UserCalendarFavorite\OnAfterDelete.method.xml)
INFO  2013-08-01 15:11:53,036 - Successfully installed OnAfterDelete (\Entity Model\SalesLogix Activity Support\UserCalendarFavorite\OnAfterDelete.method.xml)
INFO  2013-08-01 15:11:53,052 - Installing item: OnAfterDelete (\Entity Model\SalesLogix Activity Support\UserCalendarFavorite\OnAfterDelete.method.xml::Primary Steps::OnAfterDelete)
INFO  2013-08-01 15:11:53,052 - Successfully installed OnAfterDelete (\Entity Model\SalesLogix Activity Support\UserCalendarFavorite\OnAfterDelete.method.xml::Primary Steps::OnAfterDelete)
INFO  2013-08-01 15:11:53,067 - Installing model item: OnAfterInsert (\Entity Model\SalesLogix Activity Support\UserCalendarFavorite\OnAfterInsert.method.xml)
INFO  2013-08-01 15:11:53,083 - Successfully installed OnAfterInsert (\Entity Model\SalesLogix Activity Support\UserCalendarFavorite\OnAfterInsert.method.xml)
INFO  2013-08-01 15:11:53,099 - Installing item: OnAfterInsert (\Entity Model\SalesLogix Activity Support\UserCalendarFavorite\OnAfterInsert.method.xml::Primary Steps::OnAfterInsert)
INFO  2013-08-01 15:11:53,114 - Successfully installed OnAfterInsert (\Entity Model\SalesLogix Activity Support\UserCalendarFavorite\OnAfterInsert.method.xml::Primary Steps::OnAfterInsert)
INFO  2013-08-01 15:11:53,130 - Installing model item: OnAfterUpdate (\Entity Model\SalesLogix Activity Support\UserCalendarFavorite\OnAfterUpdate.method.xml)
INFO  2013-08-01 15:11:53,145 - Successfully installed OnAfterUpdate (\Entity Model\SalesLogix Activity Support\UserCalendarFavorite\OnAfterUpdate.method.xml)
INFO  2013-08-01 15:11:53,161 - Installing item: OnAfterUpdate (\Entity Model\SalesLogix Activity Support\UserCalendarFavorite\OnAfterUpdate.method.xml::Primary Steps::OnAfterUpdate)
INFO  2013-08-01 15:11:53,161 - Successfully installed OnAfterUpdate (\Entity Model\SalesLogix Activity Support\UserCalendarFavorite\OnAfterUpdate.method.xml::Primary Steps::OnAfterUpdate)
INFO  2013-08-01 15:11:53,177 - Installing model item: OnBeforeDelete (\Entity Model\SalesLogix Activity Support\UserCalendarFavorite\OnBeforeDelete.method.xml)
INFO  2013-08-01 15:11:53,192 - Successfully installed OnBeforeDelete (\Entity Model\SalesLogix Activity Support\UserCalendarFavorite\OnBeforeDelete.method.xml)
INFO  2013-08-01 15:11:53,208 - Installing item: OnBeforeDelete (\Entity Model\SalesLogix Activity Support\UserCalendarFavorite\OnBeforeDelete.method.xml::Primary Steps::OnBeforeDelete)
INFO  2013-08-01 15:11:53,223 - Successfully installed OnBeforeDelete (\Entity Model\SalesLogix Activity Support\UserCalendarFavorite\OnBeforeDelete.method.xml::Primary Steps::OnBeforeDelete)
INFO  2013-08-01 15:11:53,239 - Installing model item: OnBeforeInsert (\Entity Model\SalesLogix Activity Support\UserCalendarFavorite\OnBeforeInsert.method.xml)
INFO  2013-08-01 15:11:53,255 - Successfully installed OnBeforeInsert (\Entity Model\SalesLogix Activity Support\UserCalendarFavorite\OnBeforeInsert.method.xml)
INFO  2013-08-01 15:11:53,270 - Installing item: OnBeforeInsert (\Entity Model\SalesLogix Activity Support\UserCalendarFavorite\OnBeforeInsert.method.xml::Primary Steps::OnBeforeInsert)
INFO  2013-08-01 15:11:53,286 - Successfully installed OnBeforeInsert (\Entity Model\SalesLogix Activity Support\UserCalendarFavorite\OnBeforeInsert.method.xml::Primary Steps::OnBeforeInsert)
INFO  2013-08-01 15:11:53,286 - Installing model item: OnBeforeUpdate (\Entity Model\SalesLogix Activity Support\UserCalendarFavorite\OnBeforeUpdate.method.xml)
INFO  2013-08-01 15:11:53,301 - Successfully installed OnBeforeUpdate (\Entity Model\SalesLogix Activity Support\UserCalendarFavorite\OnBeforeUpdate.method.xml)
INFO  2013-08-01 15:11:53,317 - Installing item: OnBeforeUpdate (\Entity Model\SalesLogix Activity Support\UserCalendarFavorite\OnBeforeUpdate.method.xml::Primary Steps::OnBeforeUpdate)
INFO  2013-08-01 15:11:53,333 - Successfully installed OnBeforeUpdate (\Entity Model\SalesLogix Activity Support\UserCalendarFavorite\OnBeforeUpdate.method.xml::Primary Steps::OnBeforeUpdate)
INFO  2013-08-01 15:11:53,348 - Installing model item: OnCreate (\Entity Model\SalesLogix Activity Support\UserCalendarFavorite\OnCreate.method.xml)
INFO  2013-08-01 15:11:53,364 - Successfully installed OnCreate (\Entity Model\SalesLogix Activity Support\UserCalendarFavorite\OnCreate.method.xml)
INFO  2013-08-01 15:11:53,379 - Installing item: OnCreate (\Entity Model\SalesLogix Activity Support\UserCalendarFavorite\OnCreate.method.xml::Primary Steps::OnCreate)
INFO  2013-08-01 15:11:53,379 - Successfully installed OnCreate (\Entity Model\SalesLogix Activity Support\UserCalendarFavorite\OnCreate.method.xml::Primary Steps::OnCreate)
INFO  2013-08-01 15:11:53,395 - Installing model item: UpdateUserCalendarFavorites (\Entity Model\SalesLogix Activity Support\UserCalendarFavorite\UpdateUserCalendarFavorites.method.xml)
INFO  2013-08-01 15:11:53,411 - Successfully installed UpdateUserCalendarFavorites (\Entity Model\SalesLogix Activity Support\UserCalendarFavorite\UpdateUserCalendarFavorites.method.xml)
INFO  2013-08-01 15:11:53,426 - Installing item: updateCalendarFavoriteUsers (\Entity Model\SalesLogix Activity Support\UserCalendarFavorite\UpdateUserCalendarFavorites.method.xml::Primary Steps::updateCalendarFavoriteUsers)
INFO  2013-08-01 15:11:53,426 - Successfully installed updateCalendarFavoriteUsers (\Entity Model\SalesLogix Activity Support\UserCalendarFavorite\UpdateUserCalendarFavorites.method.xml::Primary Steps::updateCalendarFavoriteUsers)
INFO  2013-08-01 15:11:53,457 - Installing model item: Default-Hibernate-Xml (\Entity Model\CodeTemplates\Entity\Default-hibernate-xml.configuration.codetemplate.xml)
INFO  2013-08-01 15:11:53,473 - Successfully installed Default-Hibernate-Xml (\Entity Model\CodeTemplates\Entity\Default-hibernate-xml.configuration.codetemplate.xml)
INFO  2013-08-01 15:11:53,489 - Installing context item: Process Host Portal (\Portal\ProcessHost\ProcessHost.cabsvc.ptl.xml)
INFO  2013-08-01 15:11:53,489 - Successfully installed Process Host Portal (\Portal\ProcessHost\ProcessHost.cabsvc.ptl.xml)
INFO  2013-08-01 15:11:53,504 - Installing context item: SData Integration Host (\Portal\sdata\sdata.cabsvc.ptl.xml)
INFO  2013-08-01 15:11:53,520 - Successfully installed SData Integration Host (\Portal\sdata\sdata.cabsvc.ptl.xml)
INFO  2013-08-01 15:11:53,535 - Installing context item: Sage SalesLogix (\Portal\SlxClient\SlxClient.cabapp.ptl.xml)
INFO  2013-08-01 15:11:53,551 - Successfully installed Sage SalesLogix (\Portal\SlxClient\SlxClient.cabapp.ptl.xml)
INFO  2013-08-01 15:11:53,567 - Installing context item: Sage SalesLogix Customer Portal (\Portal\SLXCustomerPortal\SLXCustomerPortal.cabapp.ptl.xml)
INFO  2013-08-01 15:11:53,582 - Successfully installed Sage SalesLogix Customer Portal (\Portal\SLXCustomerPortal\SLXCustomerPortal.cabapp.ptl.xml)
INFO  2013-08-01 15:11:53,598 - Installing context item: Intellisync For SalesLogix (\Portal\SlxIntellisync\SlxIntellisync.cabsvc.ptl.xml)
INFO  2013-08-01 15:11:53,598 - Successfully installed Intellisync For SalesLogix (\Portal\SlxIntellisync\SlxIntellisync.cabsvc.ptl.xml)
INFO  2013-08-01 15:11:53,613 - Installing context item: Sage SalesLogix Job Service (\Portal\SlxJobService\SlxJobService.cabsch.ptl.xml)
INFO  2013-08-01 15:11:53,629 - Successfully installed Sage SalesLogix Job Service (\Portal\SlxJobService\SlxJobService.cabsch.ptl.xml)
INFO  2013-08-01 15:11:53,645 - Configuring installed items.
INFO  2013-08-01 15:11:53,660 - Configuring Process Host Portal...
INFO  2013-08-01 15:11:53,691 - Configuring SData Integration Host...
INFO  2013-08-01 15:11:53,707 - Configuring Sage SalesLogix...
INFO  2013-08-01 15:11:53,723 - Configuring Sage SalesLogix Customer Portal...
INFO  2013-08-01 15:11:53,738 - Configuring Intellisync For SalesLogix...
INFO  2013-08-01 15:11:53,769 - Configuring Sage SalesLogix Job Service...
INFO  2013-08-01 15:11:53,785 - Performing pre-commit to target project.
INFO  2013-08-01 15:11:54,081 - Committing items to target project...
INFO  2013-08-01 15:12:31,179 - Committing transactions...
INFO  2013-08-01 15:12:34,018 - Copying bundle manifest to project.
INFO  2013-08-01 15:12:35,968 - Install complete.
