8/2/2013 4:12:26 PM
INFO  2013-08-02 11:11:06,367 - Installing bundle...
INFO  2013-08-02 11:11:06,398 - Performing pre-install.
INFO  2013-08-02 11:11:06,413 - Installing context item: SalesLogix Activity Support (\Entity Model\SalesLogix Activity Support\SalesLogix Activity Support.T.package.xml)
INFO  2013-08-02 11:11:06,445 - Successfully installed SalesLogix Activity Support (\Entity Model\SalesLogix Activity Support\SalesLogix Activity Support.T.package.xml)
INFO  2013-08-02 11:11:06,445 - Installing model item: CalendarFavoriteUsersView (\Entity Model\SalesLogix Activity Support\CalendarFavoriteUsersView\CalendarFavoriteUsersView.CALENDARFAVORITEUSERSVIEW.entity.xml)
INFO  2013-08-02 11:11:08,441 - Successfully installed CalendarFavoriteUsersView (\Entity Model\SalesLogix Activity Support\CalendarFavoriteUsersView\CalendarFavoriteUsersView.CALENDARFAVORITEUSERSVIEW.entity.xml)
INFO  2013-08-02 11:11:08,441 - Installing model item: OnAfterDelete (\Entity Model\SalesLogix Activity Support\CalendarFavoriteUsersView\OnAfterDelete.method.xml)
INFO  2013-08-02 11:11:08,473 - Successfully installed OnAfterDelete (\Entity Model\SalesLogix Activity Support\CalendarFavoriteUsersView\OnAfterDelete.method.xml)
INFO  2013-08-02 11:11:08,488 - Installing item: OnAfterDelete (\Entity Model\SalesLogix Activity Support\CalendarFavoriteUsersView\OnAfterDelete.method.xml::Primary Steps::OnAfterDelete)
INFO  2013-08-02 11:11:08,488 - Successfully installed OnAfterDelete (\Entity Model\SalesLogix Activity Support\CalendarFavoriteUsersView\OnAfterDelete.method.xml::Primary Steps::OnAfterDelete)
INFO  2013-08-02 11:11:08,504 - Installing model item: OnAfterInsert (\Entity Model\SalesLogix Activity Support\CalendarFavoriteUsersView\OnAfterInsert.method.xml)
INFO  2013-08-02 11:11:08,519 - Successfully installed OnAfterInsert (\Entity Model\SalesLogix Activity Support\CalendarFavoriteUsersView\OnAfterInsert.method.xml)
INFO  2013-08-02 11:11:08,519 - Installing item: OnAfterInsert (\Entity Model\SalesLogix Activity Support\CalendarFavoriteUsersView\OnAfterInsert.method.xml::Primary Steps::OnAfterInsert)
INFO  2013-08-02 11:11:08,535 - Successfully installed OnAfterInsert (\Entity Model\SalesLogix Activity Support\CalendarFavoriteUsersView\OnAfterInsert.method.xml::Primary Steps::OnAfterInsert)
INFO  2013-08-02 11:11:08,535 - Installing model item: OnAfterUpdate (\Entity Model\SalesLogix Activity Support\CalendarFavoriteUsersView\OnAfterUpdate.method.xml)
INFO  2013-08-02 11:11:08,551 - Successfully installed OnAfterUpdate (\Entity Model\SalesLogix Activity Support\CalendarFavoriteUsersView\OnAfterUpdate.method.xml)
INFO  2013-08-02 11:11:08,566 - Installing item: OnAfterUpdate (\Entity Model\SalesLogix Activity Support\CalendarFavoriteUsersView\OnAfterUpdate.method.xml::Primary Steps::OnAfterUpdate)
INFO  2013-08-02 11:11:08,566 - Successfully installed OnAfterUpdate (\Entity Model\SalesLogix Activity Support\CalendarFavoriteUsersView\OnAfterUpdate.method.xml::Primary Steps::OnAfterUpdate)
INFO  2013-08-02 11:11:08,582 - Installing model item: OnBeforeDelete (\Entity Model\SalesLogix Activity Support\CalendarFavoriteUsersView\OnBeforeDelete.method.xml)
INFO  2013-08-02 11:11:08,597 - Successfully installed OnBeforeDelete (\Entity Model\SalesLogix Activity Support\CalendarFavoriteUsersView\OnBeforeDelete.method.xml)
INFO  2013-08-02 11:11:08,613 - Installing item: OnBeforeDelete (\Entity Model\SalesLogix Activity Support\CalendarFavoriteUsersView\OnBeforeDelete.method.xml::Primary Steps::OnBeforeDelete)
INFO  2013-08-02 11:11:08,629 - Successfully installed OnBeforeDelete (\Entity Model\SalesLogix Activity Support\CalendarFavoriteUsersView\OnBeforeDelete.method.xml::Primary Steps::OnBeforeDelete)
INFO  2013-08-02 11:11:08,644 - Installing model item: OnBeforeInsert (\Entity Model\SalesLogix Activity Support\CalendarFavoriteUsersView\OnBeforeInsert.method.xml)
INFO  2013-08-02 11:11:08,675 - Successfully installed OnBeforeInsert (\Entity Model\SalesLogix Activity Support\CalendarFavoriteUsersView\OnBeforeInsert.method.xml)
INFO  2013-08-02 11:11:08,675 - Installing item: OnBeforeInsert (\Entity Model\SalesLogix Activity Support\CalendarFavoriteUsersView\OnBeforeInsert.method.xml::Primary Steps::OnBeforeInsert)
INFO  2013-08-02 11:11:08,691 - Successfully installed OnBeforeInsert (\Entity Model\SalesLogix Activity Support\CalendarFavoriteUsersView\OnBeforeInsert.method.xml::Primary Steps::OnBeforeInsert)
INFO  2013-08-02 11:11:08,707 - Installing model item: OnBeforeUpdate (\Entity Model\SalesLogix Activity Support\CalendarFavoriteUsersView\OnBeforeUpdate.method.xml)
INFO  2013-08-02 11:11:08,738 - Successfully installed OnBeforeUpdate (\Entity Model\SalesLogix Activity Support\CalendarFavoriteUsersView\OnBeforeUpdate.method.xml)
INFO  2013-08-02 11:11:08,753 - Installing item: OnBeforeUpdate (\Entity Model\SalesLogix Activity Support\CalendarFavoriteUsersView\OnBeforeUpdate.method.xml::Primary Steps::OnBeforeUpdate)
INFO  2013-08-02 11:11:08,769 - Successfully installed OnBeforeUpdate (\Entity Model\SalesLogix Activity Support\CalendarFavoriteUsersView\OnBeforeUpdate.method.xml::Primary Steps::OnBeforeUpdate)
INFO  2013-08-02 11:11:08,785 - Installing model item: OnCreate (\Entity Model\SalesLogix Activity Support\CalendarFavoriteUsersView\OnCreate.method.xml)
INFO  2013-08-02 11:11:08,800 - Successfully installed OnCreate (\Entity Model\SalesLogix Activity Support\CalendarFavoriteUsersView\OnCreate.method.xml)
INFO  2013-08-02 11:11:08,816 - Installing item: OnCreate (\Entity Model\SalesLogix Activity Support\CalendarFavoriteUsersView\OnCreate.method.xml::Primary Steps::OnCreate)
INFO  2013-08-02 11:11:08,816 - Successfully installed OnCreate (\Entity Model\SalesLogix Activity Support\CalendarFavoriteUsersView\OnCreate.method.xml::Primary Steps::OnCreate)
INFO  2013-08-02 11:11:08,831 - Installing model item: UserCalendarFavorite (\Entity Model\SalesLogix Activity Support\UserCalendarFavorite\UserCalendarFavorite.USERCALENDARFAVORITE.entity.xml)
INFO  2013-08-02 11:11:08,894 - Successfully installed UserCalendarFavorite (\Entity Model\SalesLogix Activity Support\UserCalendarFavorite\UserCalendarFavorite.USERCALENDARFAVORITE.entity.xml)
INFO  2013-08-02 11:11:08,909 - Installing model item: OnAfterDelete (\Entity Model\SalesLogix Activity Support\UserCalendarFavorite\OnAfterDelete.method.xml)
INFO  2013-08-02 11:11:08,925 - Successfully installed OnAfterDelete (\Entity Model\SalesLogix Activity Support\UserCalendarFavorite\OnAfterDelete.method.xml)
INFO  2013-08-02 11:11:08,941 - Installing item: OnAfterDelete (\Entity Model\SalesLogix Activity Support\UserCalendarFavorite\OnAfterDelete.method.xml::Primary Steps::OnAfterDelete)
INFO  2013-08-02 11:11:08,956 - Successfully installed OnAfterDelete (\Entity Model\SalesLogix Activity Support\UserCalendarFavorite\OnAfterDelete.method.xml::Primary Steps::OnAfterDelete)
INFO  2013-08-02 11:11:08,972 - Installing model item: OnAfterInsert (\Entity Model\SalesLogix Activity Support\UserCalendarFavorite\OnAfterInsert.method.xml)
INFO  2013-08-02 11:11:08,987 - Successfully installed OnAfterInsert (\Entity Model\SalesLogix Activity Support\UserCalendarFavorite\OnAfterInsert.method.xml)
INFO  2013-08-02 11:11:09,003 - Installing item: OnAfterInsert (\Entity Model\SalesLogix Activity Support\UserCalendarFavorite\OnAfterInsert.method.xml::Primary Steps::OnAfterInsert)
INFO  2013-08-02 11:11:09,019 - Successfully installed OnAfterInsert (\Entity Model\SalesLogix Activity Support\UserCalendarFavorite\OnAfterInsert.method.xml::Primary Steps::OnAfterInsert)
INFO  2013-08-02 11:11:09,034 - Installing model item: OnAfterUpdate (\Entity Model\SalesLogix Activity Support\UserCalendarFavorite\OnAfterUpdate.method.xml)
INFO  2013-08-02 11:11:09,050 - Successfully installed OnAfterUpdate (\Entity Model\SalesLogix Activity Support\UserCalendarFavorite\OnAfterUpdate.method.xml)
INFO  2013-08-02 11:11:09,065 - Installing item: OnAfterUpdate (\Entity Model\SalesLogix Activity Support\UserCalendarFavorite\OnAfterUpdate.method.xml::Primary Steps::OnAfterUpdate)
INFO  2013-08-02 11:11:09,081 - Successfully installed OnAfterUpdate (\Entity Model\SalesLogix Activity Support\UserCalendarFavorite\OnAfterUpdate.method.xml::Primary Steps::OnAfterUpdate)
INFO  2013-08-02 11:11:09,097 - Installing model item: OnBeforeDelete (\Entity Model\SalesLogix Activity Support\UserCalendarFavorite\OnBeforeDelete.method.xml)
INFO  2013-08-02 11:11:09,112 - Successfully installed OnBeforeDelete (\Entity Model\SalesLogix Activity Support\UserCalendarFavorite\OnBeforeDelete.method.xml)
INFO  2013-08-02 11:11:09,128 - Installing item: OnBeforeDelete (\Entity Model\SalesLogix Activity Support\UserCalendarFavorite\OnBeforeDelete.method.xml::Primary Steps::OnBeforeDelete)
INFO  2013-08-02 11:11:09,143 - Successfully installed OnBeforeDelete (\Entity Model\SalesLogix Activity Support\UserCalendarFavorite\OnBeforeDelete.method.xml::Primary Steps::OnBeforeDelete)
INFO  2013-08-02 11:11:09,159 - Installing model item: OnBeforeInsert (\Entity Model\SalesLogix Activity Support\UserCalendarFavorite\OnBeforeInsert.method.xml)
INFO  2013-08-02 11:11:09,175 - Successfully installed OnBeforeInsert (\Entity Model\SalesLogix Activity Support\UserCalendarFavorite\OnBeforeInsert.method.xml)
INFO  2013-08-02 11:11:09,190 - Installing item: OnBeforeInsert (\Entity Model\SalesLogix Activity Support\UserCalendarFavorite\OnBeforeInsert.method.xml::Primary Steps::OnBeforeInsert)
INFO  2013-08-02 11:11:09,206 - Successfully installed OnBeforeInsert (\Entity Model\SalesLogix Activity Support\UserCalendarFavorite\OnBeforeInsert.method.xml::Primary Steps::OnBeforeInsert)
INFO  2013-08-02 11:11:09,221 - Installing model item: OnBeforeUpdate (\Entity Model\SalesLogix Activity Support\UserCalendarFavorite\OnBeforeUpdate.method.xml)
INFO  2013-08-02 11:11:09,237 - Successfully installed OnBeforeUpdate (\Entity Model\SalesLogix Activity Support\UserCalendarFavorite\OnBeforeUpdate.method.xml)
INFO  2013-08-02 11:11:09,253 - Installing item: OnBeforeUpdate (\Entity Model\SalesLogix Activity Support\UserCalendarFavorite\OnBeforeUpdate.method.xml::Primary Steps::OnBeforeUpdate)
INFO  2013-08-02 11:11:09,268 - Successfully installed OnBeforeUpdate (\Entity Model\SalesLogix Activity Support\UserCalendarFavorite\OnBeforeUpdate.method.xml::Primary Steps::OnBeforeUpdate)
INFO  2013-08-02 11:11:09,331 - Installing model item: OnCreate (\Entity Model\SalesLogix Activity Support\UserCalendarFavorite\OnCreate.method.xml)
INFO  2013-08-02 11:11:09,362 - Successfully installed OnCreate (\Entity Model\SalesLogix Activity Support\UserCalendarFavorite\OnCreate.method.xml)
INFO  2013-08-02 11:11:09,440 - Installing item: OnCreate (\Entity Model\SalesLogix Activity Support\UserCalendarFavorite\OnCreate.method.xml::Primary Steps::OnCreate)
INFO  2013-08-02 11:11:09,455 - Successfully installed OnCreate (\Entity Model\SalesLogix Activity Support\UserCalendarFavorite\OnCreate.method.xml::Primary Steps::OnCreate)
INFO  2013-08-02 11:11:09,471 - Installing model item: UpdateUserCalendarFavorites (\Entity Model\SalesLogix Activity Support\UserCalendarFavorite\UpdateUserCalendarFavorites.method.xml)
INFO  2013-08-02 11:11:09,487 - Successfully installed UpdateUserCalendarFavorites (\Entity Model\SalesLogix Activity Support\UserCalendarFavorite\UpdateUserCalendarFavorites.method.xml)
INFO  2013-08-02 11:11:09,502 - Installing item: updateCalendarFavoriteUsers (\Entity Model\SalesLogix Activity Support\UserCalendarFavorite\UpdateUserCalendarFavorites.method.xml::Primary Steps::updateCalendarFavoriteUsers)
INFO  2013-08-02 11:11:09,518 - Successfully installed updateCalendarFavoriteUsers (\Entity Model\SalesLogix Activity Support\UserCalendarFavorite\UpdateUserCalendarFavorites.method.xml::Primary Steps::updateCalendarFavoriteUsers)
INFO  2013-08-02 11:11:09,533 - Installing model item: Default-Hibernate-Xml (\Entity Model\CodeTemplates\Entity\Default-hibernate-xml.configuration.codetemplate.xml)
INFO  2013-08-02 11:11:09,565 - Successfully installed Default-Hibernate-Xml (\Entity Model\CodeTemplates\Entity\Default-hibernate-xml.configuration.codetemplate.xml)
INFO  2013-08-02 11:11:09,580 - Installing context item: Process Host Portal (\Portal\ProcessHost\ProcessHost.cabsvc.ptl.xml)
INFO  2013-08-02 11:11:11,125 - Successfully installed Process Host Portal (\Portal\ProcessHost\ProcessHost.cabsvc.ptl.xml)
INFO  2013-08-02 11:11:11,140 - Installing context item: SData Integration Host (\Portal\sdata\sdata.cabsvc.ptl.xml)
INFO  2013-08-02 11:11:13,184 - Successfully installed SData Integration Host (\Portal\sdata\sdata.cabsvc.ptl.xml)
INFO  2013-08-02 11:11:13,199 - Installing context item: Sage SalesLogix (\Portal\SlxClient\SlxClient.cabapp.ptl.xml)
INFO  2013-08-02 11:11:18,114 - Successfully installed Sage SalesLogix (\Portal\SlxClient\SlxClient.cabapp.ptl.xml)
INFO  2013-08-02 11:11:18,129 - Installing context item: Sage SalesLogix Customer Portal (\Portal\SLXCustomerPortal\SLXCustomerPortal.cabapp.ptl.xml)
INFO  2013-08-02 11:11:22,528 - Successfully installed Sage SalesLogix Customer Portal (\Portal\SLXCustomerPortal\SLXCustomerPortal.cabapp.ptl.xml)
INFO  2013-08-02 11:11:22,528 - Installing context item: Intellisync For SalesLogix (\Portal\SlxIntellisync\SlxIntellisync.cabsvc.ptl.xml)
INFO  2013-08-02 11:11:24,307 - Successfully installed Intellisync For SalesLogix (\Portal\SlxIntellisync\SlxIntellisync.cabsvc.ptl.xml)
INFO  2013-08-02 11:11:24,322 - Installing context item: Sage SalesLogix Job Service (\Portal\SlxJobService\SlxJobService.cabsch.ptl.xml)
INFO  2013-08-02 11:11:25,633 - Successfully installed Sage SalesLogix Job Service (\Portal\SlxJobService\SlxJobService.cabsch.ptl.xml)
INFO  2013-08-02 11:11:25,649 - Installing context item: SalesLogix Activity Support (\Entity Model\SalesLogix Activity Support\SalesLogix Activity Support.T.package.xml)
INFO  2013-08-02 11:11:25,664 - Successfully installed SalesLogix Activity Support (\Entity Model\SalesLogix Activity Support\SalesLogix Activity Support.T.package.xml)
INFO  2013-08-02 11:11:25,680 - Installing model item: CalendarFavoriteUsersView (\Entity Model\SalesLogix Activity Support\CalendarFavoriteUsersView\CalendarFavoriteUsersView.CALENDARFAVORITEUSERSVIEW.entity.xml)
INFO  2013-08-02 11:11:44,431 - Successfully installed CalendarFavoriteUsersView (\Entity Model\SalesLogix Activity Support\CalendarFavoriteUsersView\CalendarFavoriteUsersView.CALENDARFAVORITEUSERSVIEW.entity.xml)
INFO  2013-08-02 11:11:44,447 - Installing model item: OnAfterDelete (\Entity Model\SalesLogix Activity Support\CalendarFavoriteUsersView\OnAfterDelete.method.xml)
INFO  2013-08-02 11:11:44,447 - Successfully installed OnAfterDelete (\Entity Model\SalesLogix Activity Support\CalendarFavoriteUsersView\OnAfterDelete.method.xml)
INFO  2013-08-02 11:11:44,462 - Installing item: OnAfterDelete (\Entity Model\SalesLogix Activity Support\CalendarFavoriteUsersView\OnAfterDelete.method.xml::Primary Steps::OnAfterDelete)
INFO  2013-08-02 11:11:44,478 - Successfully installed OnAfterDelete (\Entity Model\SalesLogix Activity Support\CalendarFavoriteUsersView\OnAfterDelete.method.xml::Primary Steps::OnAfterDelete)
INFO  2013-08-02 11:11:44,494 - Installing model item: OnAfterInsert (\Entity Model\SalesLogix Activity Support\CalendarFavoriteUsersView\OnAfterInsert.method.xml)
INFO  2013-08-02 11:11:44,509 - Successfully installed OnAfterInsert (\Entity Model\SalesLogix Activity Support\CalendarFavoriteUsersView\OnAfterInsert.method.xml)
INFO  2013-08-02 11:11:44,509 - Installing item: OnAfterInsert (\Entity Model\SalesLogix Activity Support\CalendarFavoriteUsersView\OnAfterInsert.method.xml::Primary Steps::OnAfterInsert)
INFO  2013-08-02 11:11:44,525 - Successfully installed OnAfterInsert (\Entity Model\SalesLogix Activity Support\CalendarFavoriteUsersView\OnAfterInsert.method.xml::Primary Steps::OnAfterInsert)
INFO  2013-08-02 11:11:44,540 - Installing model item: OnAfterUpdate (\Entity Model\SalesLogix Activity Support\CalendarFavoriteUsersView\OnAfterUpdate.method.xml)
INFO  2013-08-02 11:11:44,556 - Successfully installed OnAfterUpdate (\Entity Model\SalesLogix Activity Support\CalendarFavoriteUsersView\OnAfterUpdate.method.xml)
INFO  2013-08-02 11:11:44,572 - Installing item: OnAfterUpdate (\Entity Model\SalesLogix Activity Support\CalendarFavoriteUsersView\OnAfterUpdate.method.xml::Primary Steps::OnAfterUpdate)
INFO  2013-08-02 11:11:44,587 - Successfully installed OnAfterUpdate (\Entity Model\SalesLogix Activity Support\CalendarFavoriteUsersView\OnAfterUpdate.method.xml::Primary Steps::OnAfterUpdate)
INFO  2013-08-02 11:11:44,603 - Installing model item: OnBeforeDelete (\Entity Model\SalesLogix Activity Support\CalendarFavoriteUsersView\OnBeforeDelete.method.xml)
INFO  2013-08-02 11:11:44,618 - Successfully installed OnBeforeDelete (\Entity Model\SalesLogix Activity Support\CalendarFavoriteUsersView\OnBeforeDelete.method.xml)
INFO  2013-08-02 11:11:44,634 - Installing item: OnBeforeDelete (\Entity Model\SalesLogix Activity Support\CalendarFavoriteUsersView\OnBeforeDelete.method.xml::Primary Steps::OnBeforeDelete)
INFO  2013-08-02 11:11:44,665 - Successfully installed OnBeforeDelete (\Entity Model\SalesLogix Activity Support\CalendarFavoriteUsersView\OnBeforeDelete.method.xml::Primary Steps::OnBeforeDelete)
INFO  2013-08-02 11:11:44,681 - Installing model item: OnBeforeInsert (\Entity Model\SalesLogix Activity Support\CalendarFavoriteUsersView\OnBeforeInsert.method.xml)
INFO  2013-08-02 11:11:44,696 - Successfully installed OnBeforeInsert (\Entity Model\SalesLogix Activity Support\CalendarFavoriteUsersView\OnBeforeInsert.method.xml)
INFO  2013-08-02 11:11:44,712 - Installing item: OnBeforeInsert (\Entity Model\SalesLogix Activity Support\CalendarFavoriteUsersView\OnBeforeInsert.method.xml::Primary Steps::OnBeforeInsert)
INFO  2013-08-02 11:11:44,728 - Successfully installed OnBeforeInsert (\Entity Model\SalesLogix Activity Support\CalendarFavoriteUsersView\OnBeforeInsert.method.xml::Primary Steps::OnBeforeInsert)
INFO  2013-08-02 11:11:44,743 - Installing model item: OnBeforeUpdate (\Entity Model\SalesLogix Activity Support\CalendarFavoriteUsersView\OnBeforeUpdate.method.xml)
INFO  2013-08-02 11:11:44,759 - Successfully installed OnBeforeUpdate (\Entity Model\SalesLogix Activity Support\CalendarFavoriteUsersView\OnBeforeUpdate.method.xml)
INFO  2013-08-02 11:11:44,774 - Installing item: OnBeforeUpdate (\Entity Model\SalesLogix Activity Support\CalendarFavoriteUsersView\OnBeforeUpdate.method.xml::Primary Steps::OnBeforeUpdate)
INFO  2013-08-02 11:11:44,774 - Successfully installed OnBeforeUpdate (\Entity Model\SalesLogix Activity Support\CalendarFavoriteUsersView\OnBeforeUpdate.method.xml::Primary Steps::OnBeforeUpdate)
INFO  2013-08-02 11:11:44,790 - Installing model item: OnCreate (\Entity Model\SalesLogix Activity Support\CalendarFavoriteUsersView\OnCreate.method.xml)
INFO  2013-08-02 11:11:44,806 - Successfully installed OnCreate (\Entity Model\SalesLogix Activity Support\CalendarFavoriteUsersView\OnCreate.method.xml)
INFO  2013-08-02 11:11:44,821 - Installing item: OnCreate (\Entity Model\SalesLogix Activity Support\CalendarFavoriteUsersView\OnCreate.method.xml::Primary Steps::OnCreate)
INFO  2013-08-02 11:11:44,837 - Successfully installed OnCreate (\Entity Model\SalesLogix Activity Support\CalendarFavoriteUsersView\OnCreate.method.xml::Primary Steps::OnCreate)
INFO  2013-08-02 11:11:44,852 - Installing model item: UserCalendarFavorite (\Entity Model\SalesLogix Activity Support\UserCalendarFavorite\UserCalendarFavorite.USERCALENDARFAVORITE.entity.xml)
INFO  2013-08-02 11:11:45,851 - Successfully installed UserCalendarFavorite (\Entity Model\SalesLogix Activity Support\UserCalendarFavorite\UserCalendarFavorite.USERCALENDARFAVORITE.entity.xml)
INFO  2013-08-02 11:11:45,866 - Installing model item: OnAfterDelete (\Entity Model\SalesLogix Activity Support\UserCalendarFavorite\OnAfterDelete.method.xml)
INFO  2013-08-02 11:11:45,882 - Successfully installed OnAfterDelete (\Entity Model\SalesLogix Activity Support\UserCalendarFavorite\OnAfterDelete.method.xml)
INFO  2013-08-02 11:11:45,898 - Installing item: OnAfterDelete (\Entity Model\SalesLogix Activity Support\UserCalendarFavorite\OnAfterDelete.method.xml::Primary Steps::OnAfterDelete)
INFO  2013-08-02 11:11:45,913 - Successfully installed OnAfterDelete (\Entity Model\SalesLogix Activity Support\UserCalendarFavorite\OnAfterDelete.method.xml::Primary Steps::OnAfterDelete)
INFO  2013-08-02 11:11:45,929 - Installing model item: OnAfterInsert (\Entity Model\SalesLogix Activity Support\UserCalendarFavorite\OnAfterInsert.method.xml)
INFO  2013-08-02 11:11:45,944 - Successfully installed OnAfterInsert (\Entity Model\SalesLogix Activity Support\UserCalendarFavorite\OnAfterInsert.method.xml)
INFO  2013-08-02 11:11:45,960 - Installing item: OnAfterInsert (\Entity Model\SalesLogix Activity Support\UserCalendarFavorite\OnAfterInsert.method.xml::Primary Steps::OnAfterInsert)
INFO  2013-08-02 11:11:45,976 - Successfully installed OnAfterInsert (\Entity Model\SalesLogix Activity Support\UserCalendarFavorite\OnAfterInsert.method.xml::Primary Steps::OnAfterInsert)
INFO  2013-08-02 11:11:45,991 - Installing model item: OnAfterUpdate (\Entity Model\SalesLogix Activity Support\UserCalendarFavorite\OnAfterUpdate.method.xml)
INFO  2013-08-02 11:11:45,991 - Successfully installed OnAfterUpdate (\Entity Model\SalesLogix Activity Support\UserCalendarFavorite\OnAfterUpdate.method.xml)
INFO  2013-08-02 11:11:46,022 - Installing item: OnAfterUpdate (\Entity Model\SalesLogix Activity Support\UserCalendarFavorite\OnAfterUpdate.method.xml::Primary Steps::OnAfterUpdate)
INFO  2013-08-02 11:11:46,038 - Successfully installed OnAfterUpdate (\Entity Model\SalesLogix Activity Support\UserCalendarFavorite\OnAfterUpdate.method.xml::Primary Steps::OnAfterUpdate)
INFO  2013-08-02 11:11:46,038 - Installing model item: OnBeforeDelete (\Entity Model\SalesLogix Activity Support\UserCalendarFavorite\OnBeforeDelete.method.xml)
INFO  2013-08-02 11:11:46,054 - Successfully installed OnBeforeDelete (\Entity Model\SalesLogix Activity Support\UserCalendarFavorite\OnBeforeDelete.method.xml)
INFO  2013-08-02 11:11:46,054 - Installing item: OnBeforeDelete (\Entity Model\SalesLogix Activity Support\UserCalendarFavorite\OnBeforeDelete.method.xml::Primary Steps::OnBeforeDelete)
INFO  2013-08-02 11:11:46,069 - Successfully installed OnBeforeDelete (\Entity Model\SalesLogix Activity Support\UserCalendarFavorite\OnBeforeDelete.method.xml::Primary Steps::OnBeforeDelete)
INFO  2013-08-02 11:11:46,069 - Installing model item: OnBeforeInsert (\Entity Model\SalesLogix Activity Support\UserCalendarFavorite\OnBeforeInsert.method.xml)
INFO  2013-08-02 11:11:46,085 - Successfully installed OnBeforeInsert (\Entity Model\SalesLogix Activity Support\UserCalendarFavorite\OnBeforeInsert.method.xml)
INFO  2013-08-02 11:11:46,100 - Installing item: OnBeforeInsert (\Entity Model\SalesLogix Activity Support\UserCalendarFavorite\OnBeforeInsert.method.xml::Primary Steps::OnBeforeInsert)
INFO  2013-08-02 11:11:46,116 - Successfully installed OnBeforeInsert (\Entity Model\SalesLogix Activity Support\UserCalendarFavorite\OnBeforeInsert.method.xml::Primary Steps::OnBeforeInsert)
INFO  2013-08-02 11:11:46,116 - Installing model item: OnBeforeUpdate (\Entity Model\SalesLogix Activity Support\UserCalendarFavorite\OnBeforeUpdate.method.xml)
INFO  2013-08-02 11:11:46,132 - Successfully installed OnBeforeUpdate (\Entity Model\SalesLogix Activity Support\UserCalendarFavorite\OnBeforeUpdate.method.xml)
INFO  2013-08-02 11:11:46,147 - Installing item: OnBeforeUpdate (\Entity Model\SalesLogix Activity Support\UserCalendarFavorite\OnBeforeUpdate.method.xml::Primary Steps::OnBeforeUpdate)
INFO  2013-08-02 11:11:46,163 - Successfully installed OnBeforeUpdate (\Entity Model\SalesLogix Activity Support\UserCalendarFavorite\OnBeforeUpdate.method.xml::Primary Steps::OnBeforeUpdate)
INFO  2013-08-02 11:11:46,163 - Installing model item: OnCreate (\Entity Model\SalesLogix Activity Support\UserCalendarFavorite\OnCreate.method.xml)
INFO  2013-08-02 11:11:46,178 - Successfully installed OnCreate (\Entity Model\SalesLogix Activity Support\UserCalendarFavorite\OnCreate.method.xml)
INFO  2013-08-02 11:11:46,194 - Installing item: OnCreate (\Entity Model\SalesLogix Activity Support\UserCalendarFavorite\OnCreate.method.xml::Primary Steps::OnCreate)
INFO  2013-08-02 11:11:46,210 - Successfully installed OnCreate (\Entity Model\SalesLogix Activity Support\UserCalendarFavorite\OnCreate.method.xml::Primary Steps::OnCreate)
INFO  2013-08-02 11:11:46,225 - Installing model item: UpdateUserCalendarFavorites (\Entity Model\SalesLogix Activity Support\UserCalendarFavorite\UpdateUserCalendarFavorites.method.xml)
INFO  2013-08-02 11:11:46,241 - Successfully installed UpdateUserCalendarFavorites (\Entity Model\SalesLogix Activity Support\UserCalendarFavorite\UpdateUserCalendarFavorites.method.xml)
INFO  2013-08-02 11:11:46,256 - Installing item: updateCalendarFavoriteUsers (\Entity Model\SalesLogix Activity Support\UserCalendarFavorite\UpdateUserCalendarFavorites.method.xml::Primary Steps::updateCalendarFavoriteUsers)
INFO  2013-08-02 11:11:46,272 - Successfully installed updateCalendarFavoriteUsers (\Entity Model\SalesLogix Activity Support\UserCalendarFavorite\UpdateUserCalendarFavorites.method.xml::Primary Steps::updateCalendarFavoriteUsers)
INFO  2013-08-02 11:11:46,288 - Installing model item: Default-Hibernate-Xml (\Entity Model\CodeTemplates\Entity\Default-hibernate-xml.configuration.codetemplate.xml)
INFO  2013-08-02 11:11:46,303 - Successfully installed Default-Hibernate-Xml (\Entity Model\CodeTemplates\Entity\Default-hibernate-xml.configuration.codetemplate.xml)
INFO  2013-08-02 11:11:46,319 - Installing context item: Process Host Portal (\Portal\ProcessHost\ProcessHost.cabsvc.ptl.xml)
INFO  2013-08-02 11:11:46,334 - Successfully installed Process Host Portal (\Portal\ProcessHost\ProcessHost.cabsvc.ptl.xml)
INFO  2013-08-02 11:11:46,350 - Installing context item: SData Integration Host (\Portal\sdata\sdata.cabsvc.ptl.xml)
INFO  2013-08-02 11:11:46,366 - Successfully installed SData Integration Host (\Portal\sdata\sdata.cabsvc.ptl.xml)
INFO  2013-08-02 11:11:46,381 - Installing context item: Sage SalesLogix (\Portal\SlxClient\SlxClient.cabapp.ptl.xml)
INFO  2013-08-02 11:11:46,397 - Successfully installed Sage SalesLogix (\Portal\SlxClient\SlxClient.cabapp.ptl.xml)
INFO  2013-08-02 11:11:46,412 - Installing context item: Sage SalesLogix Customer Portal (\Portal\SLXCustomerPortal\SLXCustomerPortal.cabapp.ptl.xml)
INFO  2013-08-02 11:11:46,412 - Successfully installed Sage SalesLogix Customer Portal (\Portal\SLXCustomerPortal\SLXCustomerPortal.cabapp.ptl.xml)
INFO  2013-08-02 11:11:46,444 - Installing context item: Intellisync For SalesLogix (\Portal\SlxIntellisync\SlxIntellisync.cabsvc.ptl.xml)
INFO  2013-08-02 11:11:46,459 - Successfully installed Intellisync For SalesLogix (\Portal\SlxIntellisync\SlxIntellisync.cabsvc.ptl.xml)
INFO  2013-08-02 11:11:46,475 - Installing context item: Sage SalesLogix Job Service (\Portal\SlxJobService\SlxJobService.cabsch.ptl.xml)
INFO  2013-08-02 11:11:46,491 - Successfully installed Sage SalesLogix Job Service (\Portal\SlxJobService\SlxJobService.cabsch.ptl.xml)
INFO  2013-08-02 11:11:46,506 - Configuring installed items.
INFO  2013-08-02 11:11:46,522 - Configuring Process Host Portal...
INFO  2013-08-02 11:11:46,537 - Configuring SData Integration Host...
INFO  2013-08-02 11:11:46,569 - Configuring Sage SalesLogix...
INFO  2013-08-02 11:11:46,584 - Configuring Sage SalesLogix Customer Portal...
INFO  2013-08-02 11:11:46,600 - Configuring Intellisync For SalesLogix...
INFO  2013-08-02 11:11:46,615 - Configuring Sage SalesLogix Job Service...
INFO  2013-08-02 11:11:46,647 - Performing pre-commit to target project.
INFO  2013-08-02 11:11:46,959 - Committing items to target project...
INFO  2013-08-02 11:12:23,463 - Committing transactions...
INFO  2013-08-02 11:12:26,334 - Copying bundle manifest to project.
INFO  2013-08-02 11:12:28,299 - Install complete.
