8/2/2013 7:32:34 PM
INFO  2013-08-02 14:31:47,304 - Installing bundle...
INFO  2013-08-02 14:31:47,335 - Performing pre-install.
INFO  2013-08-02 14:31:47,335 - Installing context item: SalesLogix Activity Support (\Entity Model\SalesLogix Activity Support\SalesLogix Activity Support.T.package.xml)
INFO  2013-08-02 14:31:47,366 - Successfully installed SalesLogix Activity Support (\Entity Model\SalesLogix Activity Support\SalesLogix Activity Support.T.package.xml)
INFO  2013-08-02 14:31:47,382 - Installing model item: UserNotification (\Entity Model\SalesLogix Activity Support\UserNotification\UserNotification.USERNOTIFICATION.entity.xml)
INFO  2013-08-02 14:31:49,394 - Successfully installed UserNotification (\Entity Model\SalesLogix Activity Support\UserNotification\UserNotification.USERNOTIFICATION.entity.xml)
INFO  2013-08-02 14:31:49,410 - Installing context item: SalesLogix Application Entities (\Entity Model\SalesLogix Application Entities\SalesLogix Application Entities.T.package.xml)
INFO  2013-08-02 14:31:49,410 - Successfully installed SalesLogix Application Entities (\Entity Model\SalesLogix Application Entities\SalesLogix Application Entities.T.package.xml)
INFO  2013-08-02 14:31:49,426 - Installing model item: SalesProcessAudit (\Entity Model\SalesLogix Application Entities\SalesProcessAudit\SalesProcessAudit.SALESPROCESSAUDIT.entity.xml)
INFO  2013-08-02 14:31:49,722 - Successfully installed SalesProcessAudit (\Entity Model\SalesLogix Application Entities\SalesProcessAudit\SalesProcessAudit.SALESPROCESSAUDIT.entity.xml)
INFO  2013-08-02 14:31:49,738 - Installing model item: SalesProcesses (\Entity Model\SalesLogix Application Entities\SalesProcesses\SalesProcesses.SALESPROCESSES.entity.xml)
INFO  2013-08-02 14:31:49,816 - Successfully installed SalesProcesses (\Entity Model\SalesLogix Application Entities\SalesProcesses\SalesProcesses.SALESPROCESSES.entity.xml)
INFO  2013-08-02 14:31:49,816 - Installing context item: Account (\Entity Model\SalesLogix Application Entities\Account\Account.ACCOUNT.entity.xml)
INFO  2013-08-02 14:31:50,034 - Successfully installed Account (\Entity Model\SalesLogix Application Entities\Account\Account.ACCOUNT.entity.xml)
INFO  2013-08-02 14:31:50,034 - Installing model item: InsertAccount (\Entity Model\SalesLogix Application Entities\Account\QuickForms\InsertAccount.main.quickform.xml)
INFO  2013-08-02 14:31:50,362 - Successfully installed InsertAccount (\Entity Model\SalesLogix Application Entities\Account\QuickForms\InsertAccount.main.quickform.xml)
INFO  2013-08-02 14:31:50,377 - Installing context item: Contact (\Entity Model\SalesLogix Application Entities\Contact\Contact.CONTACT.entity.xml)
INFO  2013-08-02 14:31:50,486 - Successfully installed Contact (\Entity Model\SalesLogix Application Entities\Contact\Contact.CONTACT.entity.xml)
INFO  2013-08-02 14:31:50,486 - Installing model item: SelectAccountAddress (\Entity Model\SalesLogix Application Entities\Contact\QuickForms\SelectAccountAddress.main.quickform.xml)
INFO  2013-08-02 14:31:50,549 - Successfully installed SelectAccountAddress (\Entity Model\SalesLogix Application Entities\Contact\QuickForms\SelectAccountAddress.main.quickform.xml)
INFO  2013-08-02 14:31:50,564 - Installing context item: Lead (\Entity Model\SalesLogix Application Entities\Lead\Lead.LEAD.entity.xml)
INFO  2013-08-02 14:31:50,674 - Successfully installed Lead (\Entity Model\SalesLogix Application Entities\Lead\Lead.LEAD.entity.xml)
INFO  2013-08-02 14:31:50,689 - Installing model item: InsertLead (\Entity Model\SalesLogix Application Entities\Lead\QuickForms\InsertLead.main.quickform.xml)
INFO  2013-08-02 14:31:50,767 - Successfully installed InsertLead (\Entity Model\SalesLogix Application Entities\Lead\QuickForms\InsertLead.main.quickform.xml)
INFO  2013-08-02 14:31:50,783 - Installing context item: Opportunity (\Entity Model\SalesLogix Application Entities\Opportunity\Opportunity.OPPORTUNITY.entity.xml)
INFO  2013-08-02 14:31:50,892 - Successfully installed Opportunity (\Entity Model\SalesLogix Application Entities\Opportunity\Opportunity.OPPORTUNITY.entity.xml)
INFO  2013-08-02 14:31:50,892 - Installing model item: OpportunityDetails (\Entity Model\SalesLogix Application Entities\Opportunity\QuickForms\OpportunityDetails.main.quickform.xml)
INFO  2013-08-02 14:31:50,970 - Successfully installed OpportunityDetails (\Entity Model\SalesLogix Application Entities\Opportunity\QuickForms\OpportunityDetails.main.quickform.xml)
INFO  2013-08-02 14:31:50,986 - Installing model item: OpportunityProducts (\Entity Model\SalesLogix Application Entities\Opportunity\QuickForms\OpportunityProducts.main.quickform.xml)
INFO  2013-08-02 14:31:51,048 - Successfully installed OpportunityProducts (\Entity Model\SalesLogix Application Entities\Opportunity\QuickForms\OpportunityProducts.main.quickform.xml)
INFO  2013-08-02 14:31:51,048 - Installing context item: SalesOrder (\Entity Model\SalesLogix Application Entities\SalesOrder\SalesOrder.SALESORDER.entity.xml)
INFO  2013-08-02 14:31:51,142 - Successfully installed SalesOrder (\Entity Model\SalesLogix Application Entities\SalesOrder\SalesOrder.SALESORDER.entity.xml)
INFO  2013-08-02 14:31:51,142 - Installing model item: SalesOrderProducts (\Entity Model\SalesLogix Application Entities\SalesOrder\QuickForms\SalesOrderProducts.main.quickform.xml)
INFO  2013-08-02 14:31:51,204 - Successfully installed SalesOrderProducts (\Entity Model\SalesLogix Application Entities\SalesOrder\QuickForms\SalesOrderProducts.main.quickform.xml)
INFO  2013-08-02 14:31:51,220 - Installing context item: Process Host Portal (\Portal\ProcessHost\ProcessHost.cabsvc.ptl.xml)
INFO  2013-08-02 14:31:51,360 - Successfully installed Process Host Portal (\Portal\ProcessHost\ProcessHost.cabsvc.ptl.xml)
INFO  2013-08-02 14:31:51,376 - Installing context item: SData Integration Host (\Portal\sdata\sdata.cabsvc.ptl.xml)
INFO  2013-08-02 14:31:51,438 - Successfully installed SData Integration Host (\Portal\sdata\sdata.cabsvc.ptl.xml)
INFO  2013-08-02 14:31:51,438 - Installing context item: Sage SalesLogix (\Portal\SlxClient\SlxClient.cabapp.ptl.xml)
INFO  2013-08-02 14:31:53,482 - Successfully installed Sage SalesLogix (\Portal\SlxClient\SlxClient.cabapp.ptl.xml)
INFO  2013-08-02 14:31:53,482 - Installing context item: Activities (\Portal\SlxClient\ChildPages\ActivityManager\ActivityManager.page.xml)
INFO  2013-08-02 14:31:53,497 - Successfully installed Activities (\Portal\SlxClient\ChildPages\ActivityManager\ActivityManager.page.xml)
INFO  2013-08-02 14:31:53,513 - Installing model item: SDataListViewer (Custom) (\Portal\SlxClient\ChildPages\ActivityManager\SmartParts\SDataListViewer.smartpart.xml)
INFO  2013-08-02 14:31:53,965 - Successfully installed SDataListViewer (Custom) (\Portal\SlxClient\ChildPages\ActivityManager\SmartParts\SDataListViewer.smartpart.xml)
INFO  2013-08-02 14:31:53,981 - Installing context item: Sage SalesLogix Customer Portal (\Portal\SLXCustomerPortal\SLXCustomerPortal.cabapp.ptl.xml)
INFO  2013-08-02 14:31:54,262 - Successfully installed Sage SalesLogix Customer Portal (\Portal\SLXCustomerPortal\SLXCustomerPortal.cabapp.ptl.xml)
INFO  2013-08-02 14:31:54,277 - Installing context item: Intellisync For SalesLogix (\Portal\SlxIntellisync\SlxIntellisync.cabsvc.ptl.xml)
INFO  2013-08-02 14:31:54,324 - Successfully installed Intellisync For SalesLogix (\Portal\SlxIntellisync\SlxIntellisync.cabsvc.ptl.xml)
INFO  2013-08-02 14:31:54,340 - Installing model item: TicketTimeline (\Mashup Model\TicketTimeline.mashup.xml)
INFO  2013-08-02 14:31:54,355 - Successfully installed TicketTimeline (\Mashup Model\TicketTimeline.mashup.xml)
INFO  2013-08-02 14:31:54,371 - Installing context item: SalesLogix Activity Support (\Entity Model\SalesLogix Activity Support\SalesLogix Activity Support.T.package.xml)
INFO  2013-08-02 14:31:54,371 - Successfully installed SalesLogix Activity Support (\Entity Model\SalesLogix Activity Support\SalesLogix Activity Support.T.package.xml)
INFO  2013-08-02 14:31:54,386 - Installing model item: UserNotification (\Entity Model\SalesLogix Activity Support\UserNotification\UserNotification.USERNOTIFICATION.entity.xml)
INFO  2013-08-02 14:32:05,478 - Successfully installed UserNotification (\Entity Model\SalesLogix Activity Support\UserNotification\UserNotification.USERNOTIFICATION.entity.xml)
INFO  2013-08-02 14:32:05,494 - Installing context item: SalesLogix Application Entities (\Entity Model\SalesLogix Application Entities\SalesLogix Application Entities.T.package.xml)
INFO  2013-08-02 14:32:05,494 - Successfully installed SalesLogix Application Entities (\Entity Model\SalesLogix Application Entities\SalesLogix Application Entities.T.package.xml)
INFO  2013-08-02 14:32:05,509 - Installing model item: SalesProcessAudit (\Entity Model\SalesLogix Application Entities\SalesProcessAudit\SalesProcessAudit.SALESPROCESSAUDIT.entity.xml)
INFO  2013-08-02 14:32:06,211 - Successfully installed SalesProcessAudit (\Entity Model\SalesLogix Application Entities\SalesProcessAudit\SalesProcessAudit.SALESPROCESSAUDIT.entity.xml)
INFO  2013-08-02 14:32:06,227 - Installing model item: SalesProcesses (\Entity Model\SalesLogix Application Entities\SalesProcesses\SalesProcesses.SALESPROCESSES.entity.xml)
INFO  2013-08-02 14:32:07,054 - Successfully installed SalesProcesses (\Entity Model\SalesLogix Application Entities\SalesProcesses\SalesProcesses.SALESPROCESSES.entity.xml)
INFO  2013-08-02 14:32:07,069 - Installing context item: Account (\Entity Model\SalesLogix Application Entities\Account\Account.ACCOUNT.entity.xml)
INFO  2013-08-02 14:32:09,409 - Successfully installed Account (\Entity Model\SalesLogix Application Entities\Account\Account.ACCOUNT.entity.xml)
INFO  2013-08-02 14:32:09,409 - Installing model item: InsertAccount (\Entity Model\SalesLogix Application Entities\Account\QuickForms\InsertAccount.main.quickform.xml)
INFO  2013-08-02 14:32:09,425 - Successfully installed InsertAccount (\Entity Model\SalesLogix Application Entities\Account\QuickForms\InsertAccount.main.quickform.xml)
INFO  2013-08-02 14:32:09,425 - Installing context item: Contact (\Entity Model\SalesLogix Application Entities\Contact\Contact.CONTACT.entity.xml)
INFO  2013-08-02 14:32:10,361 - Successfully installed Contact (\Entity Model\SalesLogix Application Entities\Contact\Contact.CONTACT.entity.xml)
INFO  2013-08-02 14:32:10,361 - Installing model item: SelectAccountAddress (\Entity Model\SalesLogix Application Entities\Contact\QuickForms\SelectAccountAddress.main.quickform.xml)
INFO  2013-08-02 14:32:10,377 - Successfully installed SelectAccountAddress (\Entity Model\SalesLogix Application Entities\Contact\QuickForms\SelectAccountAddress.main.quickform.xml)
INFO  2013-08-02 14:32:10,377 - Installing context item: Lead (\Entity Model\SalesLogix Application Entities\Lead\Lead.LEAD.entity.xml)
INFO  2013-08-02 14:32:11,281 - Successfully installed Lead (\Entity Model\SalesLogix Application Entities\Lead\Lead.LEAD.entity.xml)
INFO  2013-08-02 14:32:11,297 - Installing model item: InsertLead (\Entity Model\SalesLogix Application Entities\Lead\QuickForms\InsertLead.main.quickform.xml)
INFO  2013-08-02 14:32:11,297 - Successfully installed InsertLead (\Entity Model\SalesLogix Application Entities\Lead\QuickForms\InsertLead.main.quickform.xml)
INFO  2013-08-02 14:32:11,313 - Installing context item: Opportunity (\Entity Model\SalesLogix Application Entities\Opportunity\Opportunity.OPPORTUNITY.entity.xml)
INFO  2013-08-02 14:32:12,171 - Successfully installed Opportunity (\Entity Model\SalesLogix Application Entities\Opportunity\Opportunity.OPPORTUNITY.entity.xml)
INFO  2013-08-02 14:32:12,186 - Installing model item: OpportunityDetails (\Entity Model\SalesLogix Application Entities\Opportunity\QuickForms\OpportunityDetails.main.quickform.xml)
INFO  2013-08-02 14:32:12,186 - Successfully installed OpportunityDetails (\Entity Model\SalesLogix Application Entities\Opportunity\QuickForms\OpportunityDetails.main.quickform.xml)
INFO  2013-08-02 14:32:12,202 - Installing model item: OpportunityProducts (\Entity Model\SalesLogix Application Entities\Opportunity\QuickForms\OpportunityProducts.main.quickform.xml)
INFO  2013-08-02 14:32:12,217 - Successfully installed OpportunityProducts (\Entity Model\SalesLogix Application Entities\Opportunity\QuickForms\OpportunityProducts.main.quickform.xml)
INFO  2013-08-02 14:32:12,233 - Installing context item: SalesOrder (\Entity Model\SalesLogix Application Entities\SalesOrder\SalesOrder.SALESORDER.entity.xml)
INFO  2013-08-02 14:32:13,793 - Successfully installed SalesOrder (\Entity Model\SalesLogix Application Entities\SalesOrder\SalesOrder.SALESORDER.entity.xml)
INFO  2013-08-02 14:32:13,809 - Installing model item: SalesOrderProducts (\Entity Model\SalesLogix Application Entities\SalesOrder\QuickForms\SalesOrderProducts.main.quickform.xml)
INFO  2013-08-02 14:32:13,809 - Successfully installed SalesOrderProducts (\Entity Model\SalesLogix Application Entities\SalesOrder\QuickForms\SalesOrderProducts.main.quickform.xml)
INFO  2013-08-02 14:32:13,824 - Installing context item: Process Host Portal (\Portal\ProcessHost\ProcessHost.cabsvc.ptl.xml)
INFO  2013-08-02 14:32:13,840 - Successfully installed Process Host Portal (\Portal\ProcessHost\ProcessHost.cabsvc.ptl.xml)
INFO  2013-08-02 14:32:13,840 - Installing context item: SData Integration Host (\Portal\sdata\sdata.cabsvc.ptl.xml)
INFO  2013-08-02 14:32:13,855 - Successfully installed SData Integration Host (\Portal\sdata\sdata.cabsvc.ptl.xml)
INFO  2013-08-02 14:32:13,855 - Installing context item: Sage SalesLogix (\Portal\SlxClient\SlxClient.cabapp.ptl.xml)
INFO  2013-08-02 14:32:13,871 - Successfully installed Sage SalesLogix (\Portal\SlxClient\SlxClient.cabapp.ptl.xml)
INFO  2013-08-02 14:32:13,887 - Installing context item: Activities (\Portal\SlxClient\ChildPages\ActivityManager\ActivityManager.page.xml)
INFO  2013-08-02 14:32:13,887 - Successfully installed Activities (\Portal\SlxClient\ChildPages\ActivityManager\ActivityManager.page.xml)
INFO  2013-08-02 14:32:13,902 - Installing model item: SDataListViewer (Custom) (\Portal\SlxClient\ChildPages\ActivityManager\SmartParts\SDataListViewer.smartpart.xml)
INFO  2013-08-02 14:32:13,902 - Successfully installed SDataListViewer (Custom) (\Portal\SlxClient\ChildPages\ActivityManager\SmartParts\SDataListViewer.smartpart.xml)
INFO  2013-08-02 14:32:13,918 - Installing context item: Sage SalesLogix Customer Portal (\Portal\SLXCustomerPortal\SLXCustomerPortal.cabapp.ptl.xml)
INFO  2013-08-02 14:32:13,918 - Successfully installed Sage SalesLogix Customer Portal (\Portal\SLXCustomerPortal\SLXCustomerPortal.cabapp.ptl.xml)
INFO  2013-08-02 14:32:13,933 - Installing context item: Intellisync For SalesLogix (\Portal\SlxIntellisync\SlxIntellisync.cabsvc.ptl.xml)
INFO  2013-08-02 14:32:13,933 - Successfully installed Intellisync For SalesLogix (\Portal\SlxIntellisync\SlxIntellisync.cabsvc.ptl.xml)
INFO  2013-08-02 14:32:13,949 - Installing model item: TicketTimeline (\Mashup Model\TicketTimeline.mashup.xml)
INFO  2013-08-02 14:32:13,949 - Successfully installed TicketTimeline (\Mashup Model\TicketTimeline.mashup.xml)
INFO  2013-08-02 14:32:13,965 - Configuring installed items.
INFO  2013-08-02 14:32:13,965 - Configuring Process Host Portal...
INFO  2013-08-02 14:32:14,011 - Configuring SData Integration Host...
INFO  2013-08-02 14:32:14,027 - Configuring Sage SalesLogix...
INFO  2013-08-02 14:32:14,043 - Configuring Activities...
INFO  2013-08-02 14:32:18,083 - Configuring SDataListViewer (Custom)...
INFO  2013-08-02 14:32:18,099 - Configuring Sage SalesLogix Customer Portal...
INFO  2013-08-02 14:32:18,114 - Configuring Intellisync For SalesLogix...
INFO  2013-08-02 14:32:18,130 - Performing pre-commit to target project.
INFO  2013-08-02 14:32:18,177 - Committing items to target project...
INFO  2013-08-02 14:32:31,609 - Committing transactions...
INFO  2013-08-02 14:32:34,744 - Copying bundle manifest to project.
INFO  2013-08-02 14:32:36,663 - Install complete.
